<?xml version="1.0" encoding="UTF-8" ?>
<testsuite tests="4" failures="0" name="sky.cucumber.automation.RunTest" time="18.02" errors="0" skipped="0">
  <properties>
    <property name="java.runtime.name" value="Java(TM) SE Runtime Environment"/>
    <property name="sun.boot.library.path" value="c:\Program Files (x86)\Java\jdk1.8.0_45\jre\bin"/>
    <property name="java.vm.version" value="25.45-b02"/>
    <property name="browser" value="firefox"/>
    <property name="url" value="http://skybet.com"/>
    <property name="java.vm.vendor" value="Oracle Corporation"/>
    <property name="java.vendor.url" value="http://java.oracle.com/"/>
    <property name="path.separator" value=";"/>
    <property name="java.vm.name" value="Java HotSpot(TM) Client VM"/>
    <property name="file.encoding.pkg" value="sun.io"/>
    <property name="user.script" value=""/>
    <property name="user.country" value="GB"/>
    <property name="sun.java.launcher" value="SUN_STANDARD"/>
    <property name="sun.os.patch.level" value=""/>
    <property name="java.vm.specification.name" value="Java Virtual Machine Specification"/>
    <property name="user.dir" value="c:\Users\Michael Dally\workspace\sky.cucumber.automation"/>
    <property name="java.runtime.version" value="1.8.0_45-b15"/>
    <property name="java.awt.graphicsenv" value="sun.awt.Win32GraphicsEnvironment"/>
    <property name="basedir" value="c:\Users\Michael Dally\workspace\sky.cucumber.automation"/>
    <property name="java.endorsed.dirs" value="c:\Program Files (x86)\Java\jdk1.8.0_45\jre\lib\endorsed"/>
    <property name="os.arch" value="x86"/>
    <property name="surefire.real.class.path" value="C:\Users\MICHAE~1\AppData\Local\Temp\surefirebooter6363911262473487683.jar"/>
    <property name="java.io.tmpdir" value="C:\Users\MICHAE~1\AppData\Local\Temp\"/>
    <property name="line.separator" value="
"/>
    <property name="java.vm.specification.vendor" value="Oracle Corporation"/>
    <property name="user.variant" value=""/>
    <property name="os.name" value="Windows 8.1"/>
    <property name="sun.jnu.encoding" value="Cp1252"/>
    <property name="java.library.path" value="c:\Program Files (x86)\Java\jdk1.8.0_45\jre\bin;C:\WINDOWS\Sun\Java\bin;C:\WINDOWS\system32;C:\WINDOWS;c:\Users\Michael Dally\bin;.;C:\Program Files (x86)\Git\local\bin;C:\Program Files (x86)\Git\mingw\bin;C:\Program Files (x86)\Git\bin;c:\ProgramData\Oracle\Java\javapath;c:\WINDOWS\system32;c:\WINDOWS;c:\WINDOWS\System32\Wbem;c:\WINDOWS\System32\WindowsPowerShell\v1.0\;c:\ProgramData\chocolatey\bin;c:\tools\python2;c:\Program Files\TortoiseHg\;c:\Program Files (x86)\Java\jdk1.8.0_45\bin;c:\Users\Michael Dally\apache-maven-3.3.3-bin\apache-maven-3.3.3\bin;C:\Program Files (x86)\Git\cmd;c:\Program Files (x86)\Skype\Phone\;c:\Users\Michael Dally\AppData\Local\Programs\Python\Launcher\;."/>
    <property name="surefire.test.class.path" value="c:\Users\Michael Dally\workspace\sky.cucumber.automation\target\test-classes;c:\Users\Michael Dally\workspace\sky.cucumber.automation\target\classes;C:\Users\Michael Dally\.m2\repository\junit\junit\4.12\junit-4.12.jar;C:\Users\Michael Dally\.m2\repository\org\hamcrest\hamcrest-core\1.3\hamcrest-core-1.3.jar;C:\Users\Michael Dally\.m2\repository\org\seleniumhq\selenium\selenium-java\2.47.0\selenium-java-2.47.0.jar;C:\Users\Michael Dally\.m2\repository\org\seleniumhq\selenium\selenium-htmlunit-driver\2.47.0\selenium-htmlunit-driver-2.47.0.jar;C:\Users\Michael Dally\.m2\repository\net\sourceforge\htmlunit\htmlunit\2.17\htmlunit-2.17.jar;C:\Users\Michael Dally\.m2\repository\xalan\xalan\2.7.2\xalan-2.7.2.jar;C:\Users\Michael Dally\.m2\repository\xalan\serializer\2.7.2\serializer-2.7.2.jar;C:\Users\Michael Dally\.m2\repository\commons-collections\commons-collections\3.2.1\commons-collections-3.2.1.jar;C:\Users\Michael Dally\.m2\repository\org\apache\commons\commons-lang3\3.4\commons-lang3-3.4.jar;C:\Users\Michael Dally\.m2\repository\org\apache\httpcomponents\httpmime\4.4.1\httpmime-4.4.1.jar;C:\Users\Michael Dally\.m2\repository\commons-codec\commons-codec\1.10\commons-codec-1.10.jar;C:\Users\Michael Dally\.m2\repository\net\sourceforge\htmlunit\htmlunit-core-js\2.17\htmlunit-core-js-2.17.jar;C:\Users\Michael Dally\.m2\repository\xerces\xercesImpl\2.11.0\xercesImpl-2.11.0.jar;C:\Users\Michael Dally\.m2\repository\xml-apis\xml-apis\1.4.01\xml-apis-1.4.01.jar;C:\Users\Michael Dally\.m2\repository\net\sourceforge\nekohtml\nekohtml\1.9.22\nekohtml-1.9.22.jar;C:\Users\Michael Dally\.m2\repository\net\sourceforge\cssparser\cssparser\0.9.16\cssparser-0.9.16.jar;C:\Users\Michael Dally\.m2\repository\org\w3c\css\sac\1.3\sac-1.3.jar;C:\Users\Michael Dally\.m2\repository\commons-logging\commons-logging\1.2\commons-logging-1.2.jar;C:\Users\Michael Dally\.m2\repository\org\eclipse\jetty\websocket\websocket-client\9.2.11.v20150529\websocket-client-9.2.11.v20150529.jar;C:\Users\Michael Dally\.m2\repository\org\eclipse\jetty\jetty-util\9.2.11.v20150529\jetty-util-9.2.11.v20150529.jar;C:\Users\Michael Dally\.m2\repository\org\eclipse\jetty\jetty-io\9.2.11.v20150529\jetty-io-9.2.11.v20150529.jar;C:\Users\Michael Dally\.m2\repository\org\eclipse\jetty\websocket\websocket-common\9.2.11.v20150529\websocket-common-9.2.11.v20150529.jar;C:\Users\Michael Dally\.m2\repository\org\eclipse\jetty\websocket\websocket-api\9.2.11.v20150529\websocket-api-9.2.11.v20150529.jar;C:\Users\Michael Dally\.m2\repository\org\apache\httpcomponents\httpclient\4.4.1\httpclient-4.4.1.jar;C:\Users\Michael Dally\.m2\repository\org\apache\httpcomponents\httpcore\4.4.1\httpcore-4.4.1.jar;C:\Users\Michael Dally\.m2\repository\org\seleniumhq\selenium\selenium-ie-driver\2.47.0\selenium-ie-driver-2.47.0.jar;C:\Users\Michael Dally\.m2\repository\net\java\dev\jna\jna\4.1.0\jna-4.1.0.jar;C:\Users\Michael Dally\.m2\repository\net\java\dev\jna\jna-platform\4.1.0\jna-platform-4.1.0.jar;C:\Users\Michael Dally\.m2\repository\org\seleniumhq\selenium\selenium-safari-driver\2.47.0\selenium-safari-driver-2.47.0.jar;C:\Users\Michael Dally\.m2\repository\org\seleniumhq\selenium\selenium-support\2.47.0\selenium-support-2.47.0.jar;C:\Users\Michael Dally\.m2\repository\org\webbitserver\webbit\0.4.14\webbit-0.4.14.jar;C:\Users\Michael Dally\.m2\repository\io\netty\netty\3.5.2.Final\netty-3.5.2.Final.jar;C:\Users\Michael Dally\.m2\repository\org\seleniumhq\selenium\selenium-leg-rc\2.47.0\selenium-leg-rc-2.47.0.jar;C:\Users\Michael Dally\.m2\repository\org\seleniumhq\selenium\selenium-chrome-driver\2.48.2\selenium-chrome-driver-2.48.2.jar;C:\Users\Michael Dally\.m2\repository\org\seleniumhq\selenium\selenium-remote-driver\2.48.2\selenium-remote-driver-2.48.2.jar;C:\Users\Michael Dally\.m2\repository\cglib\cglib-nodep\2.1_3\cglib-nodep-2.1_3.jar;C:\Users\Michael Dally\.m2\repository\com\google\code\gson\gson\2.3.1\gson-2.3.1.jar;C:\Users\Michael Dally\.m2\repository\org\seleniumhq\selenium\selenium-api\2.48.2\selenium-api-2.48.2.jar;C:\Users\Michael Dally\.m2\repository\com\google\guava\guava\18.0\guava-18.0.jar;C:\Users\Michael Dally\.m2\repository\org\seleniumhq\selenium\selenium-firefox-driver\2.48.2\selenium-firefox-driver-2.48.2.jar;C:\Users\Michael Dally\.m2\repository\commons-io\commons-io\2.4\commons-io-2.4.jar;C:\Users\Michael Dally\.m2\repository\org\apache\commons\commons-exec\1.3\commons-exec-1.3.jar;C:\Users\Michael Dally\.m2\repository\info\cukes\cucumber-junit\1.2.4\cucumber-junit-1.2.4.jar;C:\Users\Michael Dally\.m2\repository\info\cukes\cucumber-core\1.2.4\cucumber-core-1.2.4.jar;C:\Users\Michael Dally\.m2\repository\info\cukes\cucumber-html\0.2.3\cucumber-html-0.2.3.jar;C:\Users\Michael Dally\.m2\repository\info\cukes\cucumber-jvm-deps\1.0.5\cucumber-jvm-deps-1.0.5.jar;C:\Users\Michael Dally\.m2\repository\info\cukes\gherkin\2.12.2\gherkin-2.12.2.jar;C:\Users\Michael Dally\.m2\repository\info\cukes\cucumber-java\1.2.4\cucumber-java-1.2.4.jar;"/>
    <property name="java.specification.name" value="Java Platform API Specification"/>
    <property name="java.class.version" value="52.0"/>
    <property name="sun.management.compiler" value="HotSpot Client Compiler"/>
    <property name="os.version" value="6.3"/>
    <property name="user.home" value="C:\Users\Michael Dally"/>
    <property name="user.timezone" value="Europe/London"/>
    <property name="java.awt.printerjob" value="sun.awt.windows.WPrinterJob"/>
    <property name="java.specification.version" value="1.8"/>
    <property name="file.encoding" value="Cp1252"/>
    <property name="user.name" value="Michael Dally"/>
    <property name="java.class.path" value="c:\Users\Michael Dally\workspace\sky.cucumber.automation\target\test-classes;c:\Users\Michael Dally\workspace\sky.cucumber.automation\target\classes;C:\Users\Michael Dally\.m2\repository\junit\junit\4.12\junit-4.12.jar;C:\Users\Michael Dally\.m2\repository\org\hamcrest\hamcrest-core\1.3\hamcrest-core-1.3.jar;C:\Users\Michael Dally\.m2\repository\org\seleniumhq\selenium\selenium-java\2.47.0\selenium-java-2.47.0.jar;C:\Users\Michael Dally\.m2\repository\org\seleniumhq\selenium\selenium-htmlunit-driver\2.47.0\selenium-htmlunit-driver-2.47.0.jar;C:\Users\Michael Dally\.m2\repository\net\sourceforge\htmlunit\htmlunit\2.17\htmlunit-2.17.jar;C:\Users\Michael Dally\.m2\repository\xalan\xalan\2.7.2\xalan-2.7.2.jar;C:\Users\Michael Dally\.m2\repository\xalan\serializer\2.7.2\serializer-2.7.2.jar;C:\Users\Michael Dally\.m2\repository\commons-collections\commons-collections\3.2.1\commons-collections-3.2.1.jar;C:\Users\Michael Dally\.m2\repository\org\apache\commons\commons-lang3\3.4\commons-lang3-3.4.jar;C:\Users\Michael Dally\.m2\repository\org\apache\httpcomponents\httpmime\4.4.1\httpmime-4.4.1.jar;C:\Users\Michael Dally\.m2\repository\commons-codec\commons-codec\1.10\commons-codec-1.10.jar;C:\Users\Michael Dally\.m2\repository\net\sourceforge\htmlunit\htmlunit-core-js\2.17\htmlunit-core-js-2.17.jar;C:\Users\Michael Dally\.m2\repository\xerces\xercesImpl\2.11.0\xercesImpl-2.11.0.jar;C:\Users\Michael Dally\.m2\repository\xml-apis\xml-apis\1.4.01\xml-apis-1.4.01.jar;C:\Users\Michael Dally\.m2\repository\net\sourceforge\nekohtml\nekohtml\1.9.22\nekohtml-1.9.22.jar;C:\Users\Michael Dally\.m2\repository\net\sourceforge\cssparser\cssparser\0.9.16\cssparser-0.9.16.jar;C:\Users\Michael Dally\.m2\repository\org\w3c\css\sac\1.3\sac-1.3.jar;C:\Users\Michael Dally\.m2\repository\commons-logging\commons-logging\1.2\commons-logging-1.2.jar;C:\Users\Michael Dally\.m2\repository\org\eclipse\jetty\websocket\websocket-client\9.2.11.v20150529\websocket-client-9.2.11.v20150529.jar;C:\Users\Michael Dally\.m2\repository\org\eclipse\jetty\jetty-util\9.2.11.v20150529\jetty-util-9.2.11.v20150529.jar;C:\Users\Michael Dally\.m2\repository\org\eclipse\jetty\jetty-io\9.2.11.v20150529\jetty-io-9.2.11.v20150529.jar;C:\Users\Michael Dally\.m2\repository\org\eclipse\jetty\websocket\websocket-common\9.2.11.v20150529\websocket-common-9.2.11.v20150529.jar;C:\Users\Michael Dally\.m2\repository\org\eclipse\jetty\websocket\websocket-api\9.2.11.v20150529\websocket-api-9.2.11.v20150529.jar;C:\Users\Michael Dally\.m2\repository\org\apache\httpcomponents\httpclient\4.4.1\httpclient-4.4.1.jar;C:\Users\Michael Dally\.m2\repository\org\apache\httpcomponents\httpcore\4.4.1\httpcore-4.4.1.jar;C:\Users\Michael Dally\.m2\repository\org\seleniumhq\selenium\selenium-ie-driver\2.47.0\selenium-ie-driver-2.47.0.jar;C:\Users\Michael Dally\.m2\repository\net\java\dev\jna\jna\4.1.0\jna-4.1.0.jar;C:\Users\Michael Dally\.m2\repository\net\java\dev\jna\jna-platform\4.1.0\jna-platform-4.1.0.jar;C:\Users\Michael Dally\.m2\repository\org\seleniumhq\selenium\selenium-safari-driver\2.47.0\selenium-safari-driver-2.47.0.jar;C:\Users\Michael Dally\.m2\repository\org\seleniumhq\selenium\selenium-support\2.47.0\selenium-support-2.47.0.jar;C:\Users\Michael Dally\.m2\repository\org\webbitserver\webbit\0.4.14\webbit-0.4.14.jar;C:\Users\Michael Dally\.m2\repository\io\netty\netty\3.5.2.Final\netty-3.5.2.Final.jar;C:\Users\Michael Dally\.m2\repository\org\seleniumhq\selenium\selenium-leg-rc\2.47.0\selenium-leg-rc-2.47.0.jar;C:\Users\Michael Dally\.m2\repository\org\seleniumhq\selenium\selenium-chrome-driver\2.48.2\selenium-chrome-driver-2.48.2.jar;C:\Users\Michael Dally\.m2\repository\org\seleniumhq\selenium\selenium-remote-driver\2.48.2\selenium-remote-driver-2.48.2.jar;C:\Users\Michael Dally\.m2\repository\cglib\cglib-nodep\2.1_3\cglib-nodep-2.1_3.jar;C:\Users\Michael Dally\.m2\repository\com\google\code\gson\gson\2.3.1\gson-2.3.1.jar;C:\Users\Michael Dally\.m2\repository\org\seleniumhq\selenium\selenium-api\2.48.2\selenium-api-2.48.2.jar;C:\Users\Michael Dally\.m2\repository\com\google\guava\guava\18.0\guava-18.0.jar;C:\Users\Michael Dally\.m2\repository\org\seleniumhq\selenium\selenium-firefox-driver\2.48.2\selenium-firefox-driver-2.48.2.jar;C:\Users\Michael Dally\.m2\repository\commons-io\commons-io\2.4\commons-io-2.4.jar;C:\Users\Michael Dally\.m2\repository\org\apache\commons\commons-exec\1.3\commons-exec-1.3.jar;C:\Users\Michael Dally\.m2\repository\info\cukes\cucumber-junit\1.2.4\cucumber-junit-1.2.4.jar;C:\Users\Michael Dally\.m2\repository\info\cukes\cucumber-core\1.2.4\cucumber-core-1.2.4.jar;C:\Users\Michael Dally\.m2\repository\info\cukes\cucumber-html\0.2.3\cucumber-html-0.2.3.jar;C:\Users\Michael Dally\.m2\repository\info\cukes\cucumber-jvm-deps\1.0.5\cucumber-jvm-deps-1.0.5.jar;C:\Users\Michael Dally\.m2\repository\info\cukes\gherkin\2.12.2\gherkin-2.12.2.jar;C:\Users\Michael Dally\.m2\repository\info\cukes\cucumber-java\1.2.4\cucumber-java-1.2.4.jar;"/>
    <property name="java.vm.specification.version" value="1.8"/>
    <property name="sun.arch.data.model" value="32"/>
    <property name="java.home" value="c:\Program Files (x86)\Java\jdk1.8.0_45\jre"/>
    <property name="sun.java.command" value="C:\Users\MICHAE~1\AppData\Local\Temp\surefirebooter6363911262473487683.jar C:\Users\MICHAE~1\AppData\Local\Temp\surefire3942505304466708195tmp C:\Users\MICHAE~1\AppData\Local\Temp\surefire3880310132000999746tmp"/>
    <property name="java.specification.vendor" value="Oracle Corporation"/>
    <property name="user.language" value="en"/>
    <property name="awt.toolkit" value="sun.awt.windows.WToolkit"/>
    <property name="java.vm.info" value="mixed mode"/>
    <property name="java.version" value="1.8.0_45"/>
    <property name="java.ext.dirs" value="c:\Program Files (x86)\Java\jdk1.8.0_45\jre\lib\ext;C:\WINDOWS\Sun\Java\lib\ext"/>
    <property name="sun.boot.class.path" value="c:\Program Files (x86)\Java\jdk1.8.0_45\jre\lib\resources.jar;c:\Program Files (x86)\Java\jdk1.8.0_45\jre\lib\rt.jar;c:\Program Files (x86)\Java\jdk1.8.0_45\jre\lib\sunrsasign.jar;c:\Program Files (x86)\Java\jdk1.8.0_45\jre\lib\jsse.jar;c:\Program Files (x86)\Java\jdk1.8.0_45\jre\lib\jce.jar;c:\Program Files (x86)\Java\jdk1.8.0_45\jre\lib\charsets.jar;c:\Program Files (x86)\Java\jdk1.8.0_45\jre\lib\jfr.jar;c:\Program Files (x86)\Java\jdk1.8.0_45\jre\classes"/>
    <property name="java.vendor" value="Oracle Corporation"/>
    <property name="localRepository" value="C:\Users\Michael Dally\.m2\repository"/>
    <property name="file.separator" value="\"/>
    <property name="java.vendor.url.bug" value="http://bugreport.sun.com/bugreport/"/>
    <property name="sun.cpu.endian" value="little"/>
    <property name="sun.io.unicode.encoding" value="UnicodeLittle"/>
    <property name="sun.desktop" value="windows"/>
    <property name="sun.cpu.isalist" value="pentium_pro+mmx pentium_pro pentium+mmx pentium i486 i386 i86"/>
  </properties>
  <testcase classname="Scenario: Place multiple bets" name="Given I have arrived on the website" time="0"/>
  <testcase classname="Scenario: Place multiple bets" name="When I place &quot;3&quot; bets" time="0"/>
  <testcase classname="Scenario: Place multiple bets" name="Then the betslip should appear" time="0"/>
  <testcase classname="Scenario: Place multiple bets" name="Scenario: Place multiple bets" time="0.016"/>
</testsuite>