<?xml version="1.0" encoding="UTF-8" ?>
<<<<<<< HEAD
<testsuite tests="8" failures="0" name="sky.cucumber.automation.RunTest" time="570.438" errors="4" skipped="1">
  <properties>
    <property name="java.runtime.name" value="Java(TM) SE Runtime Environment"/>
    <property name="sun.boot.library.path" value="C:\Program Files (x86)\Java\jdk1.8.0_45\jre\bin"/>
    <property name="java.vm.version" value="25.45-b02"/>
=======
<testsuite tests="13" failures="6" name="sky.cucumber.automation.RunTest" time="38.643" errors="0" skipped="7">
  <properties>
    <property name="java.runtime.name" value="Java(TM) SE Runtime Environment"/>
    <property name="sun.boot.library.path" value="C:\Program Files\Java\jdk1.8.0_65\jre\bin"/>
    <property name="java.vm.version" value="25.65-b01"/>
>>>>>>> 934e37fff86a0d8bb3f1070955bd950f50a4fbb7
    <property name="browser" value="firefox"/>
    <property name="url" value="http://skybet.com"/>
    <property name="java.vm.vendor" value="Oracle Corporation"/>
    <property name="java.vendor.url" value="http://java.oracle.com/"/>
    <property name="path.separator" value=";"/>
    <property name="java.vm.name" value="Java HotSpot(TM) 64-Bit Server VM"/>
    <property name="file.encoding.pkg" value="sun.io"/>
    <property name="user.script" value=""/>
    <property name="user.country" value="GB"/>
    <property name="sun.java.launcher" value="SUN_STANDARD"/>
    <property name="sun.os.patch.level" value=""/>
    <property name="java.vm.specification.name" value="Java Virtual Machine Specification"/>
<<<<<<< HEAD
    <property name="user.dir" value="C:\Users\Michael Dally\workspace\sky.cucumber.automation"/>
    <property name="java.runtime.version" value="1.8.0_45-b15"/>
    <property name="java.awt.graphicsenv" value="sun.awt.Win32GraphicsEnvironment"/>
    <property name="basedir" value="C:\Users\Michael Dally\workspace\sky.cucumber.automation"/>
    <property name="java.endorsed.dirs" value="C:\Program Files (x86)\Java\jdk1.8.0_45\jre\lib\endorsed"/>
    <property name="os.arch" value="x86"/>
    <property name="surefire.real.class.path" value="C:\WINDOWS\TEMP\surefirebooter2290702325170930504.jar"/>
    <property name="java.io.tmpdir" value="C:\WINDOWS\TEMP\"/>
=======
    <property name="user.dir" value="C:\Users\michael.dally\git\skyTemplate"/>
    <property name="java.runtime.version" value="1.8.0_65-b17"/>
    <property name="java.awt.graphicsenv" value="sun.awt.Win32GraphicsEnvironment"/>
    <property name="basedir" value="C:\Users\michael.dally\git\skyTemplate"/>
    <property name="java.endorsed.dirs" value="C:\Program Files\Java\jdk1.8.0_65\jre\lib\endorsed"/>
    <property name="os.arch" value="amd64"/>
    <property name="surefire.real.class.path" value="C:\Users\MICHAE~1.DAL\AppData\Local\Temp\surefirebooter7793275464278360420.jar"/>
    <property name="java.io.tmpdir" value="C:\Users\MICHAE~1.DAL\AppData\Local\Temp\"/>
>>>>>>> 934e37fff86a0d8bb3f1070955bd950f50a4fbb7
    <property name="line.separator" value="
"/>
    <property name="java.vm.specification.vendor" value="Oracle Corporation"/>
    <property name="user.variant" value=""/>
    <property name="os.name" value="Windows 8.1"/>
    <property name="sun.jnu.encoding" value="Cp1252"/>
<<<<<<< HEAD
    <property name="java.library.path" value="C:\Program Files (x86)\Java\jdk1.8.0_45\jre\bin;C:\WINDOWS\Sun\Java\bin;C:\WINDOWS\system32;C:\WINDOWS;C:\Users\Michael Dally\apache-maven-3.3.3-bin\apache-maven-3.3.3\/bin;C:\Program Files (x86)\Java\jdk1.8.0_45/bin;C:\Program Files (x86)\Java\jdk1.8.0_45/bin;C:\ProgramData\Oracle\Java\javapath;C:\WINDOWS\system32;C:\WINDOWS;C:\WINDOWS\System32\Wbem;C:\WINDOWS\System32\WindowsPowerShell\v1.0\;C:\ProgramData\chocolatey\bin;C:\tools\python2;C:\Program Files\TortoiseHg\;C:\Program Files (x86)\Java\jdk1.8.0_45\bin;C:\Users\Michael Dally\apache-maven-3.3.3-bin\apache-maven-3.3.3\bin;C:\Program Files (x86)\Git\cmd;C:\Program Files (x86)\Skype\Phone\;C:\tools\python2\Scripts;."/>
    <property name="surefire.test.class.path" value="C:\Users\Michael Dally\workspace\sky.cucumber.automation\target\test-classes;C:\Users\Michael Dally\workspace\sky.cucumber.automation\target\classes;C:\WINDOWS\system32\config\systemprofile\.m2\repository\junit\junit\4.12\junit-4.12.jar;C:\WINDOWS\system32\config\systemprofile\.m2\repository\org\hamcrest\hamcrest-core\1.3\hamcrest-core-1.3.jar;C:\WINDOWS\system32\config\systemprofile\.m2\repository\org\seleniumhq\selenium\selenium-java\2.47.0\selenium-java-2.47.0.jar;C:\WINDOWS\system32\config\systemprofile\.m2\repository\org\seleniumhq\selenium\selenium-htmlunit-driver\2.47.0\selenium-htmlunit-driver-2.47.0.jar;C:\WINDOWS\system32\config\systemprofile\.m2\repository\net\sourceforge\htmlunit\htmlunit\2.17\htmlunit-2.17.jar;C:\WINDOWS\system32\config\systemprofile\.m2\repository\xalan\xalan\2.7.2\xalan-2.7.2.jar;C:\WINDOWS\system32\config\systemprofile\.m2\repository\xalan\serializer\2.7.2\serializer-2.7.2.jar;C:\WINDOWS\system32\config\systemprofile\.m2\repository\org\apache\httpcomponents\httpmime\4.4.1\httpmime-4.4.1.jar;C:\WINDOWS\system32\config\systemprofile\.m2\repository\commons-codec\commons-codec\1.10\commons-codec-1.10.jar;C:\WINDOWS\system32\config\systemprofile\.m2\repository\net\sourceforge\htmlunit\htmlunit-core-js\2.17\htmlunit-core-js-2.17.jar;C:\WINDOWS\system32\config\systemprofile\.m2\repository\xerces\xercesImpl\2.11.0\xercesImpl-2.11.0.jar;C:\WINDOWS\system32\config\systemprofile\.m2\repository\xml-apis\xml-apis\1.4.01\xml-apis-1.4.01.jar;C:\WINDOWS\system32\config\systemprofile\.m2\repository\net\sourceforge\nekohtml\nekohtml\1.9.22\nekohtml-1.9.22.jar;C:\WINDOWS\system32\config\systemprofile\.m2\repository\net\sourceforge\cssparser\cssparser\0.9.16\cssparser-0.9.16.jar;C:\WINDOWS\system32\config\systemprofile\.m2\repository\org\w3c\css\sac\1.3\sac-1.3.jar;C:\WINDOWS\system32\config\systemprofile\.m2\repository\commons-logging\commons-logging\1.2\commons-logging-1.2.jar;C:\WINDOWS\system32\config\systemprofile\.m2\repository\org\eclipse\jetty\websocket\websocket-client\9.2.11.v20150529\websocket-client-9.2.11.v20150529.jar;C:\WINDOWS\system32\config\systemprofile\.m2\repository\org\eclipse\jetty\jetty-util\9.2.11.v20150529\jetty-util-9.2.11.v20150529.jar;C:\WINDOWS\system32\config\systemprofile\.m2\repository\org\eclipse\jetty\jetty-io\9.2.11.v20150529\jetty-io-9.2.11.v20150529.jar;C:\WINDOWS\system32\config\systemprofile\.m2\repository\org\eclipse\jetty\websocket\websocket-common\9.2.11.v20150529\websocket-common-9.2.11.v20150529.jar;C:\WINDOWS\system32\config\systemprofile\.m2\repository\org\eclipse\jetty\websocket\websocket-api\9.2.11.v20150529\websocket-api-9.2.11.v20150529.jar;C:\WINDOWS\system32\config\systemprofile\.m2\repository\org\apache\httpcomponents\httpclient\4.4.1\httpclient-4.4.1.jar;C:\WINDOWS\system32\config\systemprofile\.m2\repository\org\apache\httpcomponents\httpcore\4.4.1\httpcore-4.4.1.jar;C:\WINDOWS\system32\config\systemprofile\.m2\repository\org\seleniumhq\selenium\selenium-ie-driver\2.47.0\selenium-ie-driver-2.47.0.jar;C:\WINDOWS\system32\config\systemprofile\.m2\repository\net\java\dev\jna\jna\4.1.0\jna-4.1.0.jar;C:\WINDOWS\system32\config\systemprofile\.m2\repository\net\java\dev\jna\jna-platform\4.1.0\jna-platform-4.1.0.jar;C:\WINDOWS\system32\config\systemprofile\.m2\repository\org\seleniumhq\selenium\selenium-safari-driver\2.47.0\selenium-safari-driver-2.47.0.jar;C:\WINDOWS\system32\config\systemprofile\.m2\repository\org\seleniumhq\selenium\selenium-support\2.47.0\selenium-support-2.47.0.jar;C:\WINDOWS\system32\config\systemprofile\.m2\repository\org\webbitserver\webbit\0.4.14\webbit-0.4.14.jar;C:\WINDOWS\system32\config\systemprofile\.m2\repository\io\netty\netty\3.5.2.Final\netty-3.5.2.Final.jar;C:\WINDOWS\system32\config\systemprofile\.m2\repository\org\seleniumhq\selenium\selenium-leg-rc\2.47.0\selenium-leg-rc-2.47.0.jar;C:\WINDOWS\system32\config\systemprofile\.m2\repository\org\seleniumhq\selenium\selenium-chrome-driver\2.48.2\selenium-chrome-driver-2.48.2.jar;C:\WINDOWS\system32\config\systemprofile\.m2\repository\org\seleniumhq\selenium\selenium-remote-driver\2.48.2\selenium-remote-driver-2.48.2.jar;C:\WINDOWS\system32\config\systemprofile\.m2\repository\cglib\cglib-nodep\2.1_3\cglib-nodep-2.1_3.jar;C:\WINDOWS\system32\config\systemprofile\.m2\repository\org\seleniumhq\selenium\selenium-api\2.48.2\selenium-api-2.48.2.jar;C:\WINDOWS\system32\config\systemprofile\.m2\repository\com\google\guava\guava\18.0\guava-18.0.jar;C:\WINDOWS\system32\config\systemprofile\.m2\repository\org\seleniumhq\selenium\selenium-firefox-driver\2.48.2\selenium-firefox-driver-2.48.2.jar;C:\WINDOWS\system32\config\systemprofile\.m2\repository\commons-io\commons-io\2.4\commons-io-2.4.jar;C:\WINDOWS\system32\config\systemprofile\.m2\repository\org\apache\commons\commons-exec\1.3\commons-exec-1.3.jar;C:\WINDOWS\system32\config\systemprofile\.m2\repository\info\cukes\cucumber-junit\1.2.4\cucumber-junit-1.2.4.jar;C:\WINDOWS\system32\config\systemprofile\.m2\repository\info\cukes\cucumber-core\1.2.4\cucumber-core-1.2.4.jar;C:\WINDOWS\system32\config\systemprofile\.m2\repository\info\cukes\cucumber-html\0.2.3\cucumber-html-0.2.3.jar;C:\WINDOWS\system32\config\systemprofile\.m2\repository\info\cukes\cucumber-jvm-deps\1.0.5\cucumber-jvm-deps-1.0.5.jar;C:\WINDOWS\system32\config\systemprofile\.m2\repository\info\cukes\gherkin\2.12.2\gherkin-2.12.2.jar;C:\WINDOWS\system32\config\systemprofile\.m2\repository\info\cukes\cucumber-java\1.2.4\cucumber-java-1.2.4.jar;C:\WINDOWS\system32\config\systemprofile\.m2\repository\com\googlecode\totallylazy\totallylazy\1199\totallylazy-1199.jar;C:\WINDOWS\system32\config\systemprofile\.m2\repository\net\masterthought\cucumber-reporting\0.5.1\cucumber-reporting-0.5.1.jar;C:\WINDOWS\system32\config\systemprofile\.m2\repository\com\google\code\gson\gson\2.4\gson-2.4.jar;C:\WINDOWS\system32\config\systemprofile\.m2\repository\org\apache\velocity\velocity\1.7\velocity-1.7.jar;C:\WINDOWS\system32\config\systemprofile\.m2\repository\commons-collections\commons-collections\3.2.1\commons-collections-3.2.1.jar;C:\WINDOWS\system32\config\systemprofile\.m2\repository\commons-lang\commons-lang\2.4\commons-lang-2.4.jar;C:\WINDOWS\system32\config\systemprofile\.m2\repository\velocity-tools\velocity-tools\1.4\velocity-tools-1.4.jar;C:\WINDOWS\system32\config\systemprofile\.m2\repository\joda-time\joda-time\2.9\joda-time-2.9.jar;C:\WINDOWS\system32\config\systemprofile\.m2\repository\org\apache\commons\commons-lang3\3.4\commons-lang3-3.4.jar;C:\WINDOWS\system32\config\systemprofile\.m2\repository\net\lingala\zip4j\zip4j\1.3.2\zip4j-1.3.2.jar;C:\WINDOWS\system32\config\systemprofile\.m2\repository\org\apache\maven\plugins\maven-gpg-plugin\1.6\maven-gpg-plugin-1.6.jar;C:\WINDOWS\system32\config\systemprofile\.m2\repository\org\apache\maven\maven-plugin-api\2.2.1\maven-plugin-api-2.2.1.jar;C:\WINDOWS\system32\config\systemprofile\.m2\repository\org\apache\maven\maven-project\2.2.1\maven-project-2.2.1.jar;C:\WINDOWS\system32\config\systemprofile\.m2\repository\org\apache\maven\maven-settings\2.2.1\maven-settings-2.2.1.jar;C:\WINDOWS\system32\config\systemprofile\.m2\repository\org\apache\maven\maven-profile\2.2.1\maven-profile-2.2.1.jar;C:\WINDOWS\system32\config\systemprofile\.m2\repository\org\apache\maven\maven-artifact-manager\2.2.1\maven-artifact-manager-2.2.1.jar;C:\WINDOWS\system32\config\systemprofile\.m2\repository\org\apache\maven\wagon\wagon-provider-api\1.0-beta-6\wagon-provider-api-1.0-beta-6.jar;C:\WINDOWS\system32\config\systemprofile\.m2\repository\backport-util-concurrent\backport-util-concurrent\3.1\backport-util-concurrent-3.1.jar;C:\WINDOWS\system32\config\systemprofile\.m2\repository\org\apache\maven\maven-plugin-registry\2.2.1\maven-plugin-registry-2.2.1.jar;C:\WINDOWS\system32\config\systemprofile\.m2\repository\org\codehaus\plexus\plexus-interpolation\1.11\plexus-interpolation-1.11.jar;C:\WINDOWS\system32\config\systemprofile\.m2\repository\org\codehaus\plexus\plexus-container-default\1.0-alpha-9-stable-1\plexus-container-default-1.0-alpha-9-stable-1.jar;C:\WINDOWS\system32\config\systemprofile\.m2\repository\classworlds\classworlds\1.1-alpha-2\classworlds-1.1-alpha-2.jar;C:\WINDOWS\system32\config\systemprofile\.m2\repository\org\apache\maven\maven-artifact\2.2.1\maven-artifact-2.2.1.jar;C:\WINDOWS\system32\config\systemprofile\.m2\repository\org\apache\maven\maven-repository-metadata\2.2.1\maven-repository-metadata-2.2.1.jar;C:\WINDOWS\system32\config\systemprofile\.m2\repository\org\apache\maven\maven-model\2.2.1\maven-model-2.2.1.jar;C:\WINDOWS\system32\config\systemprofile\.m2\repository\org\codehaus\plexus\plexus-utils\3.0.20\plexus-utils-3.0.20.jar;C:\WINDOWS\system32\config\systemprofile\.m2\repository\org\sonatype\plexus\plexus-sec-dispatcher\1.4\plexus-sec-dispatcher-1.4.jar;C:\WINDOWS\system32\config\systemprofile\.m2\repository\org\sonatype\plexus\plexus-cipher\1.4\plexus-cipher-1.4.jar;C:\WINDOWS\system32\config\systemprofile\.m2\repository\org\jsoup\jsoup\1.8.3\jsoup-1.8.3.jar;"/>
=======
    <property name="java.library.path" value="C:\Program Files\Java\jdk1.8.0_65\jre\bin;C:\Windows\Sun\Java\bin;C:\Windows\system32;C:\Windows;C:\Users\michael.dally\bin;C:\Users\michael.dally\AppData\Local\Programs\Git\mingw64\bin;C:\Users\michael.dally\AppData\Local\Programs\Git\usr\local\bin;C:\Users\michael.dally\AppData\Local\Programs\Git\usr\bin;C:\Users\michael.dally\AppData\Local\Programs\Git\usr\bin;C:\Users\michael.dally\AppData\Local\Programs\Git\mingw64\bin;C:\Users\michael.dally\AppData\Local\Programs\Git\usr\bin;C:\Users\michael.dally\bin;C:\Windows\system32;C:\Windows;C:\Windows\System32\Wbem;C:\Windows\System32\WindowsPowerShell\v1.0;C:\Program Files\Java\jdk1.8.0_65\bin;C:\Users\michael.dally\Downloads\apache-maven-3.3.9-bin\apache-maven-3.3.9\bin;C:\Windows\system32;C:\Windows;C:\Windows\System32\Wbem;C:\Windows\System32\WindowsPowerShell\v1.0;C:\Program Files\Java\jdk1.8.0_65\bin;C:\Users\michael.dally\Downloads\apache-maven-3.3.9-bin\apache-maven-3.3.9\bin;C:\Users\michael.dally\AppData\Local\Programs\Git\cmd;C:\Users\michael.dally\AppData\Local\Programs\Git\usr\bin\vendor_perl;C:\Users\michael.dally\AppData\Local\Programs\Git\usr\bin\core_perl;."/>
    <property name="surefire.test.class.path" value="C:\Users\michael.dally\git\skyTemplate\target\test-classes;C:\Users\michael.dally\git\skyTemplate\target\classes;C:\Users\michael.dally\.m2\repository\junit\junit\4.12\junit-4.12.jar;C:\Users\michael.dally\.m2\repository\org\hamcrest\hamcrest-core\1.3\hamcrest-core-1.3.jar;C:\Users\michael.dally\.m2\repository\org\seleniumhq\selenium\selenium-java\2.47.0\selenium-java-2.47.0.jar;C:\Users\michael.dally\.m2\repository\org\seleniumhq\selenium\selenium-htmlunit-driver\2.47.0\selenium-htmlunit-driver-2.47.0.jar;C:\Users\michael.dally\.m2\repository\net\sourceforge\htmlunit\htmlunit\2.17\htmlunit-2.17.jar;C:\Users\michael.dally\.m2\repository\xalan\xalan\2.7.2\xalan-2.7.2.jar;C:\Users\michael.dally\.m2\repository\xalan\serializer\2.7.2\serializer-2.7.2.jar;C:\Users\michael.dally\.m2\repository\net\sourceforge\htmlunit\htmlunit-core-js\2.17\htmlunit-core-js-2.17.jar;C:\Users\michael.dally\.m2\repository\xerces\xercesImpl\2.11.0\xercesImpl-2.11.0.jar;C:\Users\michael.dally\.m2\repository\xml-apis\xml-apis\1.4.01\xml-apis-1.4.01.jar;C:\Users\michael.dally\.m2\repository\net\sourceforge\nekohtml\nekohtml\1.9.22\nekohtml-1.9.22.jar;C:\Users\michael.dally\.m2\repository\net\sourceforge\cssparser\cssparser\0.9.16\cssparser-0.9.16.jar;C:\Users\michael.dally\.m2\repository\org\w3c\css\sac\1.3\sac-1.3.jar;C:\Users\michael.dally\.m2\repository\org\eclipse\jetty\websocket\websocket-client\9.2.11.v20150529\websocket-client-9.2.11.v20150529.jar;C:\Users\michael.dally\.m2\repository\org\eclipse\jetty\jetty-util\9.2.11.v20150529\jetty-util-9.2.11.v20150529.jar;C:\Users\michael.dally\.m2\repository\org\eclipse\jetty\jetty-io\9.2.11.v20150529\jetty-io-9.2.11.v20150529.jar;C:\Users\michael.dally\.m2\repository\org\eclipse\jetty\websocket\websocket-common\9.2.11.v20150529\websocket-common-9.2.11.v20150529.jar;C:\Users\michael.dally\.m2\repository\org\eclipse\jetty\websocket\websocket-api\9.2.11.v20150529\websocket-api-9.2.11.v20150529.jar;C:\Users\michael.dally\.m2\repository\org\seleniumhq\selenium\selenium-ie-driver\2.47.0\selenium-ie-driver-2.47.0.jar;C:\Users\michael.dally\.m2\repository\net\java\dev\jna\jna\4.1.0\jna-4.1.0.jar;C:\Users\michael.dally\.m2\repository\net\java\dev\jna\jna-platform\4.1.0\jna-platform-4.1.0.jar;C:\Users\michael.dally\.m2\repository\org\seleniumhq\selenium\selenium-safari-driver\2.47.0\selenium-safari-driver-2.47.0.jar;C:\Users\michael.dally\.m2\repository\org\seleniumhq\selenium\selenium-support\2.47.0\selenium-support-2.47.0.jar;C:\Users\michael.dally\.m2\repository\org\webbitserver\webbit\0.4.14\webbit-0.4.14.jar;C:\Users\michael.dally\.m2\repository\io\netty\netty\3.5.2.Final\netty-3.5.2.Final.jar;C:\Users\michael.dally\.m2\repository\org\seleniumhq\selenium\selenium-leg-rc\2.47.0\selenium-leg-rc-2.47.0.jar;C:\Users\michael.dally\.m2\repository\org\seleniumhq\selenium\selenium-chrome-driver\2.48.2\selenium-chrome-driver-2.48.2.jar;C:\Users\michael.dally\.m2\repository\org\seleniumhq\selenium\selenium-remote-driver\2.48.2\selenium-remote-driver-2.48.2.jar;C:\Users\michael.dally\.m2\repository\cglib\cglib-nodep\2.1_3\cglib-nodep-2.1_3.jar;C:\Users\michael.dally\.m2\repository\org\seleniumhq\selenium\selenium-api\2.48.2\selenium-api-2.48.2.jar;C:\Users\michael.dally\.m2\repository\com\google\guava\guava\18.0\guava-18.0.jar;C:\Users\michael.dally\.m2\repository\org\seleniumhq\selenium\selenium-firefox-driver\2.48.2\selenium-firefox-driver-2.48.2.jar;C:\Users\michael.dally\.m2\repository\commons-io\commons-io\2.4\commons-io-2.4.jar;C:\Users\michael.dally\.m2\repository\org\apache\commons\commons-exec\1.3\commons-exec-1.3.jar;C:\Users\michael.dally\.m2\repository\info\cukes\cucumber-junit\1.2.4\cucumber-junit-1.2.4.jar;C:\Users\michael.dally\.m2\repository\info\cukes\cucumber-core\1.2.4\cucumber-core-1.2.4.jar;C:\Users\michael.dally\.m2\repository\info\cukes\cucumber-html\0.2.3\cucumber-html-0.2.3.jar;C:\Users\michael.dally\.m2\repository\info\cukes\cucumber-jvm-deps\1.0.5\cucumber-jvm-deps-1.0.5.jar;C:\Users\michael.dally\.m2\repository\info\cukes\gherkin\2.12.2\gherkin-2.12.2.jar;C:\Users\michael.dally\.m2\repository\info\cukes\cucumber-java\1.2.4\cucumber-java-1.2.4.jar;C:\Users\michael.dally\.m2\repository\com\googlecode\totallylazy\totallylazy\1199\totallylazy-1199.jar;C:\Users\michael.dally\.m2\repository\net\masterthought\cucumber-reporting\0.5.1\cucumber-reporting-0.5.1.jar;C:\Users\michael.dally\.m2\repository\com\google\code\gson\gson\2.4\gson-2.4.jar;C:\Users\michael.dally\.m2\repository\org\apache\velocity\velocity\1.7\velocity-1.7.jar;C:\Users\michael.dally\.m2\repository\commons-collections\commons-collections\3.2.1\commons-collections-3.2.1.jar;C:\Users\michael.dally\.m2\repository\commons-lang\commons-lang\2.4\commons-lang-2.4.jar;C:\Users\michael.dally\.m2\repository\velocity-tools\velocity-tools\1.4\velocity-tools-1.4.jar;C:\Users\michael.dally\.m2\repository\joda-time\joda-time\2.9\joda-time-2.9.jar;C:\Users\michael.dally\.m2\repository\org\apache\commons\commons-lang3\3.4\commons-lang3-3.4.jar;C:\Users\michael.dally\.m2\repository\net\lingala\zip4j\zip4j\1.3.2\zip4j-1.3.2.jar;C:\Users\michael.dally\.m2\repository\org\apache\maven\plugins\maven-gpg-plugin\1.6\maven-gpg-plugin-1.6.jar;C:\Users\michael.dally\.m2\repository\org\apache\maven\maven-plugin-api\2.2.1\maven-plugin-api-2.2.1.jar;C:\Users\michael.dally\.m2\repository\org\apache\maven\maven-project\2.2.1\maven-project-2.2.1.jar;C:\Users\michael.dally\.m2\repository\org\apache\maven\maven-settings\2.2.1\maven-settings-2.2.1.jar;C:\Users\michael.dally\.m2\repository\org\apache\maven\maven-profile\2.2.1\maven-profile-2.2.1.jar;C:\Users\michael.dally\.m2\repository\org\apache\maven\maven-artifact-manager\2.2.1\maven-artifact-manager-2.2.1.jar;C:\Users\michael.dally\.m2\repository\org\apache\maven\wagon\wagon-provider-api\1.0-beta-6\wagon-provider-api-1.0-beta-6.jar;C:\Users\michael.dally\.m2\repository\backport-util-concurrent\backport-util-concurrent\3.1\backport-util-concurrent-3.1.jar;C:\Users\michael.dally\.m2\repository\org\apache\maven\maven-plugin-registry\2.2.1\maven-plugin-registry-2.2.1.jar;C:\Users\michael.dally\.m2\repository\org\codehaus\plexus\plexus-interpolation\1.11\plexus-interpolation-1.11.jar;C:\Users\michael.dally\.m2\repository\org\codehaus\plexus\plexus-container-default\1.0-alpha-9-stable-1\plexus-container-default-1.0-alpha-9-stable-1.jar;C:\Users\michael.dally\.m2\repository\classworlds\classworlds\1.1-alpha-2\classworlds-1.1-alpha-2.jar;C:\Users\michael.dally\.m2\repository\org\apache\maven\maven-artifact\2.2.1\maven-artifact-2.2.1.jar;C:\Users\michael.dally\.m2\repository\org\apache\maven\maven-repository-metadata\2.2.1\maven-repository-metadata-2.2.1.jar;C:\Users\michael.dally\.m2\repository\org\apache\maven\maven-model\2.2.1\maven-model-2.2.1.jar;C:\Users\michael.dally\.m2\repository\org\codehaus\plexus\plexus-utils\3.0.20\plexus-utils-3.0.20.jar;C:\Users\michael.dally\.m2\repository\org\sonatype\plexus\plexus-sec-dispatcher\1.4\plexus-sec-dispatcher-1.4.jar;C:\Users\michael.dally\.m2\repository\org\sonatype\plexus\plexus-cipher\1.4\plexus-cipher-1.4.jar;C:\Users\michael.dally\.m2\repository\org\jsoup\jsoup\1.8.3\jsoup-1.8.3.jar;C:\Users\michael.dally\.m2\repository\com\jayway\restassured\rest-assured\2.7.0\rest-assured-2.7.0.jar;C:\Users\michael.dally\.m2\repository\org\codehaus\groovy\groovy\2.4.4\groovy-2.4.4.jar;C:\Users\michael.dally\.m2\repository\org\codehaus\groovy\groovy-xml\2.4.4\groovy-xml-2.4.4.jar;C:\Users\michael.dally\.m2\repository\org\apache\httpcomponents\httpclient\4.5.1\httpclient-4.5.1.jar;C:\Users\michael.dally\.m2\repository\org\apache\httpcomponents\httpcore\4.4.3\httpcore-4.4.3.jar;C:\Users\michael.dally\.m2\repository\commons-logging\commons-logging\1.2\commons-logging-1.2.jar;C:\Users\michael.dally\.m2\repository\commons-codec\commons-codec\1.9\commons-codec-1.9.jar;C:\Users\michael.dally\.m2\repository\org\apache\httpcomponents\httpmime\4.5.1\httpmime-4.5.1.jar;C:\Users\michael.dally\.m2\repository\org\hamcrest\hamcrest-library\1.3\hamcrest-library-1.3.jar;C:\Users\michael.dally\.m2\repository\org\ccil\cowan\tagsoup\tagsoup\1.2.1\tagsoup-1.2.1.jar;C:\Users\michael.dally\.m2\repository\com\jayway\restassured\json-path\2.7.0\json-path-2.7.0.jar;C:\Users\michael.dally\.m2\repository\org\codehaus\groovy\groovy-json\2.4.4\groovy-json-2.4.4.jar;C:\Users\michael.dally\.m2\repository\com\jayway\restassured\rest-assured-common\2.7.0\rest-assured-common-2.7.0.jar;C:\Users\michael.dally\.m2\repository\com\jayway\restassured\xml-path\2.7.0\xml-path-2.7.0.jar;"/>
>>>>>>> 934e37fff86a0d8bb3f1070955bd950f50a4fbb7
    <property name="java.specification.name" value="Java Platform API Specification"/>
    <property name="java.class.version" value="52.0"/>
    <property name="sun.management.compiler" value="HotSpot 64-Bit Tiered Compilers"/>
    <property name="os.version" value="6.3"/>
<<<<<<< HEAD
    <property name="user.home" value="C:\WINDOWS\system32\config\systemprofile"/>
=======
    <property name="user.home" value="C:\Users\michael.dally"/>
>>>>>>> 934e37fff86a0d8bb3f1070955bd950f50a4fbb7
    <property name="user.timezone" value="Europe/London"/>
    <property name="java.awt.printerjob" value="sun.awt.windows.WPrinterJob"/>
    <property name="java.specification.version" value="1.8"/>
    <property name="file.encoding" value="Cp1252"/>
<<<<<<< HEAD
    <property name="user.name" value="W8150602$"/>
    <property name="java.class.path" value="C:\Users\Michael Dally\workspace\sky.cucumber.automation\target\test-classes;C:\Users\Michael Dally\workspace\sky.cucumber.automation\target\classes;C:\WINDOWS\system32\config\systemprofile\.m2\repository\junit\junit\4.12\junit-4.12.jar;C:\WINDOWS\system32\config\systemprofile\.m2\repository\org\hamcrest\hamcrest-core\1.3\hamcrest-core-1.3.jar;C:\WINDOWS\system32\config\systemprofile\.m2\repository\org\seleniumhq\selenium\selenium-java\2.47.0\selenium-java-2.47.0.jar;C:\WINDOWS\system32\config\systemprofile\.m2\repository\org\seleniumhq\selenium\selenium-htmlunit-driver\2.47.0\selenium-htmlunit-driver-2.47.0.jar;C:\WINDOWS\system32\config\systemprofile\.m2\repository\net\sourceforge\htmlunit\htmlunit\2.17\htmlunit-2.17.jar;C:\WINDOWS\system32\config\systemprofile\.m2\repository\xalan\xalan\2.7.2\xalan-2.7.2.jar;C:\WINDOWS\system32\config\systemprofile\.m2\repository\xalan\serializer\2.7.2\serializer-2.7.2.jar;C:\WINDOWS\system32\config\systemprofile\.m2\repository\org\apache\httpcomponents\httpmime\4.4.1\httpmime-4.4.1.jar;C:\WINDOWS\system32\config\systemprofile\.m2\repository\commons-codec\commons-codec\1.10\commons-codec-1.10.jar;C:\WINDOWS\system32\config\systemprofile\.m2\repository\net\sourceforge\htmlunit\htmlunit-core-js\2.17\htmlunit-core-js-2.17.jar;C:\WINDOWS\system32\config\systemprofile\.m2\repository\xerces\xercesImpl\2.11.0\xercesImpl-2.11.0.jar;C:\WINDOWS\system32\config\systemprofile\.m2\repository\xml-apis\xml-apis\1.4.01\xml-apis-1.4.01.jar;C:\WINDOWS\system32\config\systemprofile\.m2\repository\net\sourceforge\nekohtml\nekohtml\1.9.22\nekohtml-1.9.22.jar;C:\WINDOWS\system32\config\systemprofile\.m2\repository\net\sourceforge\cssparser\cssparser\0.9.16\cssparser-0.9.16.jar;C:\WINDOWS\system32\config\systemprofile\.m2\repository\org\w3c\css\sac\1.3\sac-1.3.jar;C:\WINDOWS\system32\config\systemprofile\.m2\repository\commons-logging\commons-logging\1.2\commons-logging-1.2.jar;C:\WINDOWS\system32\config\systemprofile\.m2\repository\org\eclipse\jetty\websocket\websocket-client\9.2.11.v20150529\websocket-client-9.2.11.v20150529.jar;C:\WINDOWS\system32\config\systemprofile\.m2\repository\org\eclipse\jetty\jetty-util\9.2.11.v20150529\jetty-util-9.2.11.v20150529.jar;C:\WINDOWS\system32\config\systemprofile\.m2\repository\org\eclipse\jetty\jetty-io\9.2.11.v20150529\jetty-io-9.2.11.v20150529.jar;C:\WINDOWS\system32\config\systemprofile\.m2\repository\org\eclipse\jetty\websocket\websocket-common\9.2.11.v20150529\websocket-common-9.2.11.v20150529.jar;C:\WINDOWS\system32\config\systemprofile\.m2\repository\org\eclipse\jetty\websocket\websocket-api\9.2.11.v20150529\websocket-api-9.2.11.v20150529.jar;C:\WINDOWS\system32\config\systemprofile\.m2\repository\org\apache\httpcomponents\httpclient\4.4.1\httpclient-4.4.1.jar;C:\WINDOWS\system32\config\systemprofile\.m2\repository\org\apache\httpcomponents\httpcore\4.4.1\httpcore-4.4.1.jar;C:\WINDOWS\system32\config\systemprofile\.m2\repository\org\seleniumhq\selenium\selenium-ie-driver\2.47.0\selenium-ie-driver-2.47.0.jar;C:\WINDOWS\system32\config\systemprofile\.m2\repository\net\java\dev\jna\jna\4.1.0\jna-4.1.0.jar;C:\WINDOWS\system32\config\systemprofile\.m2\repository\net\java\dev\jna\jna-platform\4.1.0\jna-platform-4.1.0.jar;C:\WINDOWS\system32\config\systemprofile\.m2\repository\org\seleniumhq\selenium\selenium-safari-driver\2.47.0\selenium-safari-driver-2.47.0.jar;C:\WINDOWS\system32\config\systemprofile\.m2\repository\org\seleniumhq\selenium\selenium-support\2.47.0\selenium-support-2.47.0.jar;C:\WINDOWS\system32\config\systemprofile\.m2\repository\org\webbitserver\webbit\0.4.14\webbit-0.4.14.jar;C:\WINDOWS\system32\config\systemprofile\.m2\repository\io\netty\netty\3.5.2.Final\netty-3.5.2.Final.jar;C:\WINDOWS\system32\config\systemprofile\.m2\repository\org\seleniumhq\selenium\selenium-leg-rc\2.47.0\selenium-leg-rc-2.47.0.jar;C:\WINDOWS\system32\config\systemprofile\.m2\repository\org\seleniumhq\selenium\selenium-chrome-driver\2.48.2\selenium-chrome-driver-2.48.2.jar;C:\WINDOWS\system32\config\systemprofile\.m2\repository\org\seleniumhq\selenium\selenium-remote-driver\2.48.2\selenium-remote-driver-2.48.2.jar;C:\WINDOWS\system32\config\systemprofile\.m2\repository\cglib\cglib-nodep\2.1_3\cglib-nodep-2.1_3.jar;C:\WINDOWS\system32\config\systemprofile\.m2\repository\org\seleniumhq\selenium\selenium-api\2.48.2\selenium-api-2.48.2.jar;C:\WINDOWS\system32\config\systemprofile\.m2\repository\com\google\guava\guava\18.0\guava-18.0.jar;C:\WINDOWS\system32\config\systemprofile\.m2\repository\org\seleniumhq\selenium\selenium-firefox-driver\2.48.2\selenium-firefox-driver-2.48.2.jar;C:\WINDOWS\system32\config\systemprofile\.m2\repository\commons-io\commons-io\2.4\commons-io-2.4.jar;C:\WINDOWS\system32\config\systemprofile\.m2\repository\org\apache\commons\commons-exec\1.3\commons-exec-1.3.jar;C:\WINDOWS\system32\config\systemprofile\.m2\repository\info\cukes\cucumber-junit\1.2.4\cucumber-junit-1.2.4.jar;C:\WINDOWS\system32\config\systemprofile\.m2\repository\info\cukes\cucumber-core\1.2.4\cucumber-core-1.2.4.jar;C:\WINDOWS\system32\config\systemprofile\.m2\repository\info\cukes\cucumber-html\0.2.3\cucumber-html-0.2.3.jar;C:\WINDOWS\system32\config\systemprofile\.m2\repository\info\cukes\cucumber-jvm-deps\1.0.5\cucumber-jvm-deps-1.0.5.jar;C:\WINDOWS\system32\config\systemprofile\.m2\repository\info\cukes\gherkin\2.12.2\gherkin-2.12.2.jar;C:\WINDOWS\system32\config\systemprofile\.m2\repository\info\cukes\cucumber-java\1.2.4\cucumber-java-1.2.4.jar;C:\WINDOWS\system32\config\systemprofile\.m2\repository\com\googlecode\totallylazy\totallylazy\1199\totallylazy-1199.jar;C:\WINDOWS\system32\config\systemprofile\.m2\repository\net\masterthought\cucumber-reporting\0.5.1\cucumber-reporting-0.5.1.jar;C:\WINDOWS\system32\config\systemprofile\.m2\repository\com\google\code\gson\gson\2.4\gson-2.4.jar;C:\WINDOWS\system32\config\systemprofile\.m2\repository\org\apache\velocity\velocity\1.7\velocity-1.7.jar;C:\WINDOWS\system32\config\systemprofile\.m2\repository\commons-collections\commons-collections\3.2.1\commons-collections-3.2.1.jar;C:\WINDOWS\system32\config\systemprofile\.m2\repository\commons-lang\commons-lang\2.4\commons-lang-2.4.jar;C:\WINDOWS\system32\config\systemprofile\.m2\repository\velocity-tools\velocity-tools\1.4\velocity-tools-1.4.jar;C:\WINDOWS\system32\config\systemprofile\.m2\repository\joda-time\joda-time\2.9\joda-time-2.9.jar;C:\WINDOWS\system32\config\systemprofile\.m2\repository\org\apache\commons\commons-lang3\3.4\commons-lang3-3.4.jar;C:\WINDOWS\system32\config\systemprofile\.m2\repository\net\lingala\zip4j\zip4j\1.3.2\zip4j-1.3.2.jar;C:\WINDOWS\system32\config\systemprofile\.m2\repository\org\apache\maven\plugins\maven-gpg-plugin\1.6\maven-gpg-plugin-1.6.jar;C:\WINDOWS\system32\config\systemprofile\.m2\repository\org\apache\maven\maven-plugin-api\2.2.1\maven-plugin-api-2.2.1.jar;C:\WINDOWS\system32\config\systemprofile\.m2\repository\org\apache\maven\maven-project\2.2.1\maven-project-2.2.1.jar;C:\WINDOWS\system32\config\systemprofile\.m2\repository\org\apache\maven\maven-settings\2.2.1\maven-settings-2.2.1.jar;C:\WINDOWS\system32\config\systemprofile\.m2\repository\org\apache\maven\maven-profile\2.2.1\maven-profile-2.2.1.jar;C:\WINDOWS\system32\config\systemprofile\.m2\repository\org\apache\maven\maven-artifact-manager\2.2.1\maven-artifact-manager-2.2.1.jar;C:\WINDOWS\system32\config\systemprofile\.m2\repository\org\apache\maven\wagon\wagon-provider-api\1.0-beta-6\wagon-provider-api-1.0-beta-6.jar;C:\WINDOWS\system32\config\systemprofile\.m2\repository\backport-util-concurrent\backport-util-concurrent\3.1\backport-util-concurrent-3.1.jar;C:\WINDOWS\system32\config\systemprofile\.m2\repository\org\apache\maven\maven-plugin-registry\2.2.1\maven-plugin-registry-2.2.1.jar;C:\WINDOWS\system32\config\systemprofile\.m2\repository\org\codehaus\plexus\plexus-interpolation\1.11\plexus-interpolation-1.11.jar;C:\WINDOWS\system32\config\systemprofile\.m2\repository\org\codehaus\plexus\plexus-container-default\1.0-alpha-9-stable-1\plexus-container-default-1.0-alpha-9-stable-1.jar;C:\WINDOWS\system32\config\systemprofile\.m2\repository\classworlds\classworlds\1.1-alpha-2\classworlds-1.1-alpha-2.jar;C:\WINDOWS\system32\config\systemprofile\.m2\repository\org\apache\maven\maven-artifact\2.2.1\maven-artifact-2.2.1.jar;C:\WINDOWS\system32\config\systemprofile\.m2\repository\org\apache\maven\maven-repository-metadata\2.2.1\maven-repository-metadata-2.2.1.jar;C:\WINDOWS\system32\config\systemprofile\.m2\repository\org\apache\maven\maven-model\2.2.1\maven-model-2.2.1.jar;C:\WINDOWS\system32\config\systemprofile\.m2\repository\org\codehaus\plexus\plexus-utils\3.0.20\plexus-utils-3.0.20.jar;C:\WINDOWS\system32\config\systemprofile\.m2\repository\org\sonatype\plexus\plexus-sec-dispatcher\1.4\plexus-sec-dispatcher-1.4.jar;C:\WINDOWS\system32\config\systemprofile\.m2\repository\org\sonatype\plexus\plexus-cipher\1.4\plexus-cipher-1.4.jar;C:\WINDOWS\system32\config\systemprofile\.m2\repository\org\jsoup\jsoup\1.8.3\jsoup-1.8.3.jar;"/>
    <property name="java.vm.specification.version" value="1.8"/>
    <property name="sun.arch.data.model" value="32"/>
    <property name="java.home" value="C:\Program Files (x86)\Java\jdk1.8.0_45\jre"/>
    <property name="sun.java.command" value="C:\WINDOWS\TEMP\surefirebooter2290702325170930504.jar C:\WINDOWS\TEMP\surefire5185293266092667689tmp C:\WINDOWS\TEMP\surefire5736936184790084549tmp"/>
    <property name="java.specification.vendor" value="Oracle Corporation"/>
    <property name="user.language" value="en"/>
    <property name="awt.toolkit" value="sun.awt.windows.WToolkit"/>
    <property name="java.vm.info" value="mixed mode, sharing"/>
    <property name="java.version" value="1.8.0_45"/>
    <property name="java.ext.dirs" value="C:\Program Files (x86)\Java\jdk1.8.0_45\jre\lib\ext;C:\WINDOWS\Sun\Java\lib\ext"/>
    <property name="sun.boot.class.path" value="C:\Program Files (x86)\Java\jdk1.8.0_45\jre\lib\resources.jar;C:\Program Files (x86)\Java\jdk1.8.0_45\jre\lib\rt.jar;C:\Program Files (x86)\Java\jdk1.8.0_45\jre\lib\sunrsasign.jar;C:\Program Files (x86)\Java\jdk1.8.0_45\jre\lib\jsse.jar;C:\Program Files (x86)\Java\jdk1.8.0_45\jre\lib\jce.jar;C:\Program Files (x86)\Java\jdk1.8.0_45\jre\lib\charsets.jar;C:\Program Files (x86)\Java\jdk1.8.0_45\jre\lib\jfr.jar;C:\Program Files (x86)\Java\jdk1.8.0_45\jre\classes"/>
    <property name="java.vendor" value="Oracle Corporation"/>
    <property name="localRepository" value="C:\WINDOWS\system32\config\systemprofile\.m2\repository"/>
=======
    <property name="user.name" value="michael.dally"/>
    <property name="java.class.path" value="C:\Users\michael.dally\git\skyTemplate\target\test-classes;C:\Users\michael.dally\git\skyTemplate\target\classes;C:\Users\michael.dally\.m2\repository\junit\junit\4.12\junit-4.12.jar;C:\Users\michael.dally\.m2\repository\org\hamcrest\hamcrest-core\1.3\hamcrest-core-1.3.jar;C:\Users\michael.dally\.m2\repository\org\seleniumhq\selenium\selenium-java\2.47.0\selenium-java-2.47.0.jar;C:\Users\michael.dally\.m2\repository\org\seleniumhq\selenium\selenium-htmlunit-driver\2.47.0\selenium-htmlunit-driver-2.47.0.jar;C:\Users\michael.dally\.m2\repository\net\sourceforge\htmlunit\htmlunit\2.17\htmlunit-2.17.jar;C:\Users\michael.dally\.m2\repository\xalan\xalan\2.7.2\xalan-2.7.2.jar;C:\Users\michael.dally\.m2\repository\xalan\serializer\2.7.2\serializer-2.7.2.jar;C:\Users\michael.dally\.m2\repository\net\sourceforge\htmlunit\htmlunit-core-js\2.17\htmlunit-core-js-2.17.jar;C:\Users\michael.dally\.m2\repository\xerces\xercesImpl\2.11.0\xercesImpl-2.11.0.jar;C:\Users\michael.dally\.m2\repository\xml-apis\xml-apis\1.4.01\xml-apis-1.4.01.jar;C:\Users\michael.dally\.m2\repository\net\sourceforge\nekohtml\nekohtml\1.9.22\nekohtml-1.9.22.jar;C:\Users\michael.dally\.m2\repository\net\sourceforge\cssparser\cssparser\0.9.16\cssparser-0.9.16.jar;C:\Users\michael.dally\.m2\repository\org\w3c\css\sac\1.3\sac-1.3.jar;C:\Users\michael.dally\.m2\repository\org\eclipse\jetty\websocket\websocket-client\9.2.11.v20150529\websocket-client-9.2.11.v20150529.jar;C:\Users\michael.dally\.m2\repository\org\eclipse\jetty\jetty-util\9.2.11.v20150529\jetty-util-9.2.11.v20150529.jar;C:\Users\michael.dally\.m2\repository\org\eclipse\jetty\jetty-io\9.2.11.v20150529\jetty-io-9.2.11.v20150529.jar;C:\Users\michael.dally\.m2\repository\org\eclipse\jetty\websocket\websocket-common\9.2.11.v20150529\websocket-common-9.2.11.v20150529.jar;C:\Users\michael.dally\.m2\repository\org\eclipse\jetty\websocket\websocket-api\9.2.11.v20150529\websocket-api-9.2.11.v20150529.jar;C:\Users\michael.dally\.m2\repository\org\seleniumhq\selenium\selenium-ie-driver\2.47.0\selenium-ie-driver-2.47.0.jar;C:\Users\michael.dally\.m2\repository\net\java\dev\jna\jna\4.1.0\jna-4.1.0.jar;C:\Users\michael.dally\.m2\repository\net\java\dev\jna\jna-platform\4.1.0\jna-platform-4.1.0.jar;C:\Users\michael.dally\.m2\repository\org\seleniumhq\selenium\selenium-safari-driver\2.47.0\selenium-safari-driver-2.47.0.jar;C:\Users\michael.dally\.m2\repository\org\seleniumhq\selenium\selenium-support\2.47.0\selenium-support-2.47.0.jar;C:\Users\michael.dally\.m2\repository\org\webbitserver\webbit\0.4.14\webbit-0.4.14.jar;C:\Users\michael.dally\.m2\repository\io\netty\netty\3.5.2.Final\netty-3.5.2.Final.jar;C:\Users\michael.dally\.m2\repository\org\seleniumhq\selenium\selenium-leg-rc\2.47.0\selenium-leg-rc-2.47.0.jar;C:\Users\michael.dally\.m2\repository\org\seleniumhq\selenium\selenium-chrome-driver\2.48.2\selenium-chrome-driver-2.48.2.jar;C:\Users\michael.dally\.m2\repository\org\seleniumhq\selenium\selenium-remote-driver\2.48.2\selenium-remote-driver-2.48.2.jar;C:\Users\michael.dally\.m2\repository\cglib\cglib-nodep\2.1_3\cglib-nodep-2.1_3.jar;C:\Users\michael.dally\.m2\repository\org\seleniumhq\selenium\selenium-api\2.48.2\selenium-api-2.48.2.jar;C:\Users\michael.dally\.m2\repository\com\google\guava\guava\18.0\guava-18.0.jar;C:\Users\michael.dally\.m2\repository\org\seleniumhq\selenium\selenium-firefox-driver\2.48.2\selenium-firefox-driver-2.48.2.jar;C:\Users\michael.dally\.m2\repository\commons-io\commons-io\2.4\commons-io-2.4.jar;C:\Users\michael.dally\.m2\repository\org\apache\commons\commons-exec\1.3\commons-exec-1.3.jar;C:\Users\michael.dally\.m2\repository\info\cukes\cucumber-junit\1.2.4\cucumber-junit-1.2.4.jar;C:\Users\michael.dally\.m2\repository\info\cukes\cucumber-core\1.2.4\cucumber-core-1.2.4.jar;C:\Users\michael.dally\.m2\repository\info\cukes\cucumber-html\0.2.3\cucumber-html-0.2.3.jar;C:\Users\michael.dally\.m2\repository\info\cukes\cucumber-jvm-deps\1.0.5\cucumber-jvm-deps-1.0.5.jar;C:\Users\michael.dally\.m2\repository\info\cukes\gherkin\2.12.2\gherkin-2.12.2.jar;C:\Users\michael.dally\.m2\repository\info\cukes\cucumber-java\1.2.4\cucumber-java-1.2.4.jar;C:\Users\michael.dally\.m2\repository\com\googlecode\totallylazy\totallylazy\1199\totallylazy-1199.jar;C:\Users\michael.dally\.m2\repository\net\masterthought\cucumber-reporting\0.5.1\cucumber-reporting-0.5.1.jar;C:\Users\michael.dally\.m2\repository\com\google\code\gson\gson\2.4\gson-2.4.jar;C:\Users\michael.dally\.m2\repository\org\apache\velocity\velocity\1.7\velocity-1.7.jar;C:\Users\michael.dally\.m2\repository\commons-collections\commons-collections\3.2.1\commons-collections-3.2.1.jar;C:\Users\michael.dally\.m2\repository\commons-lang\commons-lang\2.4\commons-lang-2.4.jar;C:\Users\michael.dally\.m2\repository\velocity-tools\velocity-tools\1.4\velocity-tools-1.4.jar;C:\Users\michael.dally\.m2\repository\joda-time\joda-time\2.9\joda-time-2.9.jar;C:\Users\michael.dally\.m2\repository\org\apache\commons\commons-lang3\3.4\commons-lang3-3.4.jar;C:\Users\michael.dally\.m2\repository\net\lingala\zip4j\zip4j\1.3.2\zip4j-1.3.2.jar;C:\Users\michael.dally\.m2\repository\org\apache\maven\plugins\maven-gpg-plugin\1.6\maven-gpg-plugin-1.6.jar;C:\Users\michael.dally\.m2\repository\org\apache\maven\maven-plugin-api\2.2.1\maven-plugin-api-2.2.1.jar;C:\Users\michael.dally\.m2\repository\org\apache\maven\maven-project\2.2.1\maven-project-2.2.1.jar;C:\Users\michael.dally\.m2\repository\org\apache\maven\maven-settings\2.2.1\maven-settings-2.2.1.jar;C:\Users\michael.dally\.m2\repository\org\apache\maven\maven-profile\2.2.1\maven-profile-2.2.1.jar;C:\Users\michael.dally\.m2\repository\org\apache\maven\maven-artifact-manager\2.2.1\maven-artifact-manager-2.2.1.jar;C:\Users\michael.dally\.m2\repository\org\apache\maven\wagon\wagon-provider-api\1.0-beta-6\wagon-provider-api-1.0-beta-6.jar;C:\Users\michael.dally\.m2\repository\backport-util-concurrent\backport-util-concurrent\3.1\backport-util-concurrent-3.1.jar;C:\Users\michael.dally\.m2\repository\org\apache\maven\maven-plugin-registry\2.2.1\maven-plugin-registry-2.2.1.jar;C:\Users\michael.dally\.m2\repository\org\codehaus\plexus\plexus-interpolation\1.11\plexus-interpolation-1.11.jar;C:\Users\michael.dally\.m2\repository\org\codehaus\plexus\plexus-container-default\1.0-alpha-9-stable-1\plexus-container-default-1.0-alpha-9-stable-1.jar;C:\Users\michael.dally\.m2\repository\classworlds\classworlds\1.1-alpha-2\classworlds-1.1-alpha-2.jar;C:\Users\michael.dally\.m2\repository\org\apache\maven\maven-artifact\2.2.1\maven-artifact-2.2.1.jar;C:\Users\michael.dally\.m2\repository\org\apache\maven\maven-repository-metadata\2.2.1\maven-repository-metadata-2.2.1.jar;C:\Users\michael.dally\.m2\repository\org\apache\maven\maven-model\2.2.1\maven-model-2.2.1.jar;C:\Users\michael.dally\.m2\repository\org\codehaus\plexus\plexus-utils\3.0.20\plexus-utils-3.0.20.jar;C:\Users\michael.dally\.m2\repository\org\sonatype\plexus\plexus-sec-dispatcher\1.4\plexus-sec-dispatcher-1.4.jar;C:\Users\michael.dally\.m2\repository\org\sonatype\plexus\plexus-cipher\1.4\plexus-cipher-1.4.jar;C:\Users\michael.dally\.m2\repository\org\jsoup\jsoup\1.8.3\jsoup-1.8.3.jar;C:\Users\michael.dally\.m2\repository\com\jayway\restassured\rest-assured\2.7.0\rest-assured-2.7.0.jar;C:\Users\michael.dally\.m2\repository\org\codehaus\groovy\groovy\2.4.4\groovy-2.4.4.jar;C:\Users\michael.dally\.m2\repository\org\codehaus\groovy\groovy-xml\2.4.4\groovy-xml-2.4.4.jar;C:\Users\michael.dally\.m2\repository\org\apache\httpcomponents\httpclient\4.5.1\httpclient-4.5.1.jar;C:\Users\michael.dally\.m2\repository\org\apache\httpcomponents\httpcore\4.4.3\httpcore-4.4.3.jar;C:\Users\michael.dally\.m2\repository\commons-logging\commons-logging\1.2\commons-logging-1.2.jar;C:\Users\michael.dally\.m2\repository\commons-codec\commons-codec\1.9\commons-codec-1.9.jar;C:\Users\michael.dally\.m2\repository\org\apache\httpcomponents\httpmime\4.5.1\httpmime-4.5.1.jar;C:\Users\michael.dally\.m2\repository\org\hamcrest\hamcrest-library\1.3\hamcrest-library-1.3.jar;C:\Users\michael.dally\.m2\repository\org\ccil\cowan\tagsoup\tagsoup\1.2.1\tagsoup-1.2.1.jar;C:\Users\michael.dally\.m2\repository\com\jayway\restassured\json-path\2.7.0\json-path-2.7.0.jar;C:\Users\michael.dally\.m2\repository\org\codehaus\groovy\groovy-json\2.4.4\groovy-json-2.4.4.jar;C:\Users\michael.dally\.m2\repository\com\jayway\restassured\rest-assured-common\2.7.0\rest-assured-common-2.7.0.jar;C:\Users\michael.dally\.m2\repository\com\jayway\restassured\xml-path\2.7.0\xml-path-2.7.0.jar;"/>
    <property name="java.vm.specification.version" value="1.8"/>
    <property name="sun.arch.data.model" value="64"/>
    <property name="java.home" value="C:\Program Files\Java\jdk1.8.0_65\jre"/>
    <property name="sun.java.command" value="C:\Users\MICHAE~1.DAL\AppData\Local\Temp\surefirebooter7793275464278360420.jar C:\Users\MICHAE~1.DAL\AppData\Local\Temp\surefire826758728114073778tmp C:\Users\MICHAE~1.DAL\AppData\Local\Temp\surefire4036484318839300481tmp"/>
    <property name="java.specification.vendor" value="Oracle Corporation"/>
    <property name="user.language" value="en"/>
    <property name="awt.toolkit" value="sun.awt.windows.WToolkit"/>
    <property name="java.vm.info" value="mixed mode"/>
    <property name="java.version" value="1.8.0_65"/>
    <property name="java.ext.dirs" value="C:\Program Files\Java\jdk1.8.0_65\jre\lib\ext;C:\Windows\Sun\Java\lib\ext"/>
    <property name="sun.boot.class.path" value="C:\Program Files\Java\jdk1.8.0_65\jre\lib\resources.jar;C:\Program Files\Java\jdk1.8.0_65\jre\lib\rt.jar;C:\Program Files\Java\jdk1.8.0_65\jre\lib\sunrsasign.jar;C:\Program Files\Java\jdk1.8.0_65\jre\lib\jsse.jar;C:\Program Files\Java\jdk1.8.0_65\jre\lib\jce.jar;C:\Program Files\Java\jdk1.8.0_65\jre\lib\charsets.jar;C:\Program Files\Java\jdk1.8.0_65\jre\lib\jfr.jar;C:\Program Files\Java\jdk1.8.0_65\jre\classes"/>
    <property name="java.vendor" value="Oracle Corporation"/>
    <property name="localRepository" value="C:\Users\michael.dally\.m2\repository"/>
>>>>>>> 934e37fff86a0d8bb3f1070955bd950f50a4fbb7
    <property name="file.separator" value="\"/>
    <property name="java.vendor.url.bug" value="http://bugreport.sun.com/bugreport/"/>
    <property name="sun.cpu.endian" value="little"/>
    <property name="sun.io.unicode.encoding" value="UnicodeLittle"/>
    <property name="sun.desktop" value="windows"/>
    <property name="sun.cpu.isalist" value="amd64"/>
  </properties>
<<<<<<< HEAD
  <testcase classname="Scenario: Place multiple bets" name="Given I have arrived on the website" time="0.002"/>
  <testcase classname="Scenario: Place multiple bets" name="When I place &quot;4&quot; bets" time="0.002">
    <error message="Timed out after 10 seconds waiting for visibility of [[FirefoxDriver: firefox on WINDOWS (d833c060-7fb9-4846-8bc4-232e3a542206)] -&gt; css selector: #live-bet-bar .collapsed b span]
Build info: version: &apos;2.48.2&apos;, revision: &apos;41bccdd10cf2c0560f637404c2d96164b67d9d67&apos;, time: &apos;2015-10-09 13:08:06&apos;
System info: host: &apos;W8150602&apos;, ip: &apos;172.18.101.96&apos;, os.name: &apos;Windows 8.1&apos;, os.arch: &apos;x86&apos;, os.version: &apos;6.3&apos;, java.version: &apos;1.8.0_45&apos;
Driver info: org.openqa.selenium.firefox.FirefoxDriver
Capabilities [{applicationCacheEnabled=true, rotatable=false, handlesAlerts=true, databaseEnabled=true, version=42.0, platform=WINDOWS, nativeEvents=false, acceptSslCerts=true, webStorageEnabled=true, locationContextEnabled=true, browserName=firefox, takesScreenshot=true, javascriptEnabled=true, cssSelectorsEnabled=true}]
Session ID: d833c060-7fb9-4846-8bc4-232e3a542206" type="org.openqa.selenium.TimeoutException">org.openqa.selenium.TimeoutException: Timed out after 10 seconds waiting for visibility of [[FirefoxDriver: firefox on WINDOWS (d833c060-7fb9-4846-8bc4-232e3a542206)] -&gt; css selector: #live-bet-bar .collapsed b span]
Build info: version: &apos;2.48.2&apos;, revision: &apos;41bccdd10cf2c0560f637404c2d96164b67d9d67&apos;, time: &apos;2015-10-09 13:08:06&apos;
System info: host: &apos;W8150602&apos;, ip: &apos;172.18.101.96&apos;, os.name: &apos;Windows 8.1&apos;, os.arch: &apos;x86&apos;, os.version: &apos;6.3&apos;, java.version: &apos;1.8.0_45&apos;
Driver info: org.openqa.selenium.firefox.FirefoxDriver
Capabilities [{applicationCacheEnabled=true, rotatable=false, handlesAlerts=true, databaseEnabled=true, version=42.0, platform=WINDOWS, nativeEvents=false, acceptSslCerts=true, webStorageEnabled=true, locationContextEnabled=true, browserName=firefox, takesScreenshot=true, javascriptEnabled=true, cssSelectorsEnabled=true}]
Session ID: d833c060-7fb9-4846-8bc4-232e3a542206
	at org.openqa.selenium.support.ui.WebDriverWait.timeoutException(WebDriverWait.java:80)
	at org.openqa.selenium.support.ui.FluentWait.until(FluentWait.java:229)
	at sky.synchroniser.Synchroniser.waitUntilElementDisplayed(Synchroniser.java:30)
	at sky.cucumber.pageObjects.HomePage.isExpandAllLinkPresent(HomePage.java:61)
	at sky.cucumber.pageObjects.HomePage.clickExpandAllLinkIfPresent(HomePage.java:55)
	at sky.cucumber.stepDefinitions.HomePageStepDefinitions.i_place_bets(HomePageStepDefinitions.java:34)
	at ✽.When I place &quot;4&quot; bets(SkyBetPlacement.feature:9)
</error>
  </testcase>
  <testcase classname="Scenario: Place multiple bets" name="Scenario: Place multiple bets" time="0.005">
    <error message="Timed out after 10 seconds waiting for visibility of [[FirefoxDriver: firefox on WINDOWS (d833c060-7fb9-4846-8bc4-232e3a542206)] -&gt; css selector: #live-bet-bar .collapsed b span]
Build info: version: &apos;2.48.2&apos;, revision: &apos;41bccdd10cf2c0560f637404c2d96164b67d9d67&apos;, time: &apos;2015-10-09 13:08:06&apos;
System info: host: &apos;W8150602&apos;, ip: &apos;172.18.101.96&apos;, os.name: &apos;Windows 8.1&apos;, os.arch: &apos;x86&apos;, os.version: &apos;6.3&apos;, java.version: &apos;1.8.0_45&apos;
Driver info: org.openqa.selenium.firefox.FirefoxDriver
Capabilities [{applicationCacheEnabled=true, rotatable=false, handlesAlerts=true, databaseEnabled=true, version=42.0, platform=WINDOWS, nativeEvents=false, acceptSslCerts=true, webStorageEnabled=true, locationContextEnabled=true, browserName=firefox, takesScreenshot=true, javascriptEnabled=true, cssSelectorsEnabled=true}]
Session ID: d833c060-7fb9-4846-8bc4-232e3a542206" type="org.openqa.selenium.TimeoutException">org.openqa.selenium.TimeoutException: Timed out after 10 seconds waiting for visibility of [[FirefoxDriver: firefox on WINDOWS (d833c060-7fb9-4846-8bc4-232e3a542206)] -&gt; css selector: #live-bet-bar .collapsed b span]
Build info: version: &apos;2.48.2&apos;, revision: &apos;41bccdd10cf2c0560f637404c2d96164b67d9d67&apos;, time: &apos;2015-10-09 13:08:06&apos;
System info: host: &apos;W8150602&apos;, ip: &apos;172.18.101.96&apos;, os.name: &apos;Windows 8.1&apos;, os.arch: &apos;x86&apos;, os.version: &apos;6.3&apos;, java.version: &apos;1.8.0_45&apos;
Driver info: org.openqa.selenium.firefox.FirefoxDriver
Capabilities [{applicationCacheEnabled=true, rotatable=false, handlesAlerts=true, databaseEnabled=true, version=42.0, platform=WINDOWS, nativeEvents=false, acceptSslCerts=true, webStorageEnabled=true, locationContextEnabled=true, browserName=firefox, takesScreenshot=true, javascriptEnabled=true, cssSelectorsEnabled=true}]
Session ID: d833c060-7fb9-4846-8bc4-232e3a542206
	at org.openqa.selenium.support.ui.WebDriverWait.timeoutException(WebDriverWait.java:80)
	at org.openqa.selenium.support.ui.FluentWait.until(FluentWait.java:229)
	at sky.synchroniser.Synchroniser.waitUntilElementDisplayed(Synchroniser.java:30)
	at sky.cucumber.pageObjects.HomePage.isExpandAllLinkPresent(HomePage.java:61)
	at sky.cucumber.pageObjects.HomePage.clickExpandAllLinkIfPresent(HomePage.java:55)
	at sky.cucumber.stepDefinitions.HomePageStepDefinitions.i_place_bets(HomePageStepDefinitions.java:34)
	at ✽.When I place &quot;4&quot; bets(SkyBetPlacement.feature:9)
</error>
  </testcase>
  <testcase classname="Scenario: Place multiple bets" name="Then the betslip should appear" time="0.009">
    <skipped/>
  </testcase>
  <testcase classname="Scenario: Display login options" name="Given I have arrived on the website" time="0"/>
  <testcase classname="Scenario: Display login options" name="When I select login" time="0"/>
  <testcase classname="Scenario: Display login options" name="Then I should see the login options" time="0">
    <error message="Unable to locate element: {&quot;method&quot;:&quot;css selector&quot;,&quot;selector&quot;:&quot;#SkyBetAccount&quot;}
Command duration or timeout: 30.03 seconds
For documentation on this error, please visit: http://seleniumhq.org/exceptions/no_such_element.html
Build info: version: &apos;2.48.2&apos;, revision: &apos;41bccdd10cf2c0560f637404c2d96164b67d9d67&apos;, time: &apos;2015-10-09 13:08:06&apos;
System info: host: &apos;W8150602&apos;, ip: &apos;172.18.101.96&apos;, os.name: &apos;Windows 8.1&apos;, os.arch: &apos;x86&apos;, os.version: &apos;6.3&apos;, java.version: &apos;1.8.0_45&apos;
Driver info: org.openqa.selenium.firefox.FirefoxDriver
Capabilities [{applicationCacheEnabled=true, rotatable=false, handlesAlerts=true, databaseEnabled=true, version=42.0, platform=WINDOWS, nativeEvents=false, acceptSslCerts=true, webStorageEnabled=true, locationContextEnabled=true, browserName=firefox, takesScreenshot=true, javascriptEnabled=true, cssSelectorsEnabled=true}]
Session ID: d833c060-7fb9-4846-8bc4-232e3a542206
*** Element info: {Using=css selector, value=#SkyBetAccount}" type="org.openqa.selenium.NoSuchElementException">org.openqa.selenium.NoSuchElementException: Unable to locate element: {&quot;method&quot;:&quot;css selector&quot;,&quot;selector&quot;:&quot;#SkyBetAccount&quot;}
Command duration or timeout: 30.03 seconds
For documentation on this error, please visit: http://seleniumhq.org/exceptions/no_such_element.html
Build info: version: &apos;2.48.2&apos;, revision: &apos;41bccdd10cf2c0560f637404c2d96164b67d9d67&apos;, time: &apos;2015-10-09 13:08:06&apos;
System info: host: &apos;W8150602&apos;, ip: &apos;172.18.101.96&apos;, os.name: &apos;Windows 8.1&apos;, os.arch: &apos;x86&apos;, os.version: &apos;6.3&apos;, java.version: &apos;1.8.0_45&apos;
Driver info: org.openqa.selenium.firefox.FirefoxDriver
Capabilities [{applicationCacheEnabled=true, rotatable=false, handlesAlerts=true, databaseEnabled=true, version=42.0, platform=WINDOWS, nativeEvents=false, acceptSslCerts=true, webStorageEnabled=true, locationContextEnabled=true, browserName=firefox, takesScreenshot=true, javascriptEnabled=true, cssSelectorsEnabled=true}]
Session ID: d833c060-7fb9-4846-8bc4-232e3a542206
*** Element info: {Using=css selector, value=#SkyBetAccount}
	at sun.reflect.NativeConstructorAccessorImpl.newInstance0(Native Method)
	at sun.reflect.NativeConstructorAccessorImpl.newInstance(NativeConstructorAccessorImpl.java:62)
	at sun.reflect.DelegatingConstructorAccessorImpl.newInstance(DelegatingConstructorAccessorImpl.java:45)
	at java.lang.reflect.Constructor.newInstance(Constructor.java:422)
	at org.openqa.selenium.remote.ErrorHandler.createThrowable(ErrorHandler.java:206)
	at org.openqa.selenium.remote.ErrorHandler.throwIfResponseFailed(ErrorHandler.java:158)
	at org.openqa.selenium.remote.RemoteWebDriver.execute(RemoteWebDriver.java:647)
	at org.openqa.selenium.remote.RemoteWebDriver.findElement(RemoteWebDriver.java:353)
	at org.openqa.selenium.remote.RemoteWebDriver.findElementByCssSelector(RemoteWebDriver.java:482)
	at org.openqa.selenium.By$ByCssSelector.findElement(By.java:430)
	at org.openqa.selenium.remote.RemoteWebDriver.findElement(RemoteWebDriver.java:345)
	at sky.cucumber.pageObjects.LoginPage.isLoginFormPresent(LoginPage.java:30)
	at sky.cucumber.stepDefinitions.LoginPageStepDefs.i_should_see_the_login_options(LoginPageStepDefs.java:33)
	at ✽.Then I should see the login options(SkyLogin.feature:11)
Caused by: org.openqa.selenium.NoSuchElementException: Unable to locate element: {&quot;method&quot;:&quot;css selector&quot;,&quot;selector&quot;:&quot;#SkyBetAccount&quot;}
For documentation on this error, please visit: http://seleniumhq.org/exceptions/no_such_element.html
Build info: version: &apos;2.48.2&apos;, revision: &apos;41bccdd10cf2c0560f637404c2d96164b67d9d67&apos;, time: &apos;2015-10-09 13:08:06&apos;
System info: host: &apos;W8150602&apos;, ip: &apos;172.18.101.96&apos;, os.name: &apos;Windows 8.1&apos;, os.arch: &apos;x86&apos;, os.version: &apos;6.3&apos;, java.version: &apos;1.8.0_45&apos;
Driver info: driver.version: unknown
	at &lt;anonymous class&gt;.FirefoxDriver.prototype.findElementInternal_(file:///C:/WINDOWS/TEMP/anonymous7546761595933880340webdriver-profile/extensions/fxdriver@googlecode.com/components/driver-component.js:10659)
	at &lt;anonymous class&gt;.fxdriver.Timer.prototype.setTimeout/&lt;.notify(file:///C:/WINDOWS/TEMP/anonymous7546761595933880340webdriver-profile/extensions/fxdriver@googlecode.com/components/driver-component.js:621)
</error>
  </testcase>
  <testcase classname="Scenario: Display login options" name="Scenario: Display login options" time="0.003">
    <error message="Unable to locate element: {&quot;method&quot;:&quot;css selector&quot;,&quot;selector&quot;:&quot;#SkyBetAccount&quot;}
Command duration or timeout: 30.03 seconds
For documentation on this error, please visit: http://seleniumhq.org/exceptions/no_such_element.html
Build info: version: &apos;2.48.2&apos;, revision: &apos;41bccdd10cf2c0560f637404c2d96164b67d9d67&apos;, time: &apos;2015-10-09 13:08:06&apos;
System info: host: &apos;W8150602&apos;, ip: &apos;172.18.101.96&apos;, os.name: &apos;Windows 8.1&apos;, os.arch: &apos;x86&apos;, os.version: &apos;6.3&apos;, java.version: &apos;1.8.0_45&apos;
Driver info: org.openqa.selenium.firefox.FirefoxDriver
Capabilities [{applicationCacheEnabled=true, rotatable=false, handlesAlerts=true, databaseEnabled=true, version=42.0, platform=WINDOWS, nativeEvents=false, acceptSslCerts=true, webStorageEnabled=true, locationContextEnabled=true, browserName=firefox, takesScreenshot=true, javascriptEnabled=true, cssSelectorsEnabled=true}]
Session ID: d833c060-7fb9-4846-8bc4-232e3a542206
*** Element info: {Using=css selector, value=#SkyBetAccount}" type="org.openqa.selenium.NoSuchElementException">org.openqa.selenium.NoSuchElementException: Unable to locate element: {&quot;method&quot;:&quot;css selector&quot;,&quot;selector&quot;:&quot;#SkyBetAccount&quot;}
Command duration or timeout: 30.03 seconds
For documentation on this error, please visit: http://seleniumhq.org/exceptions/no_such_element.html
Build info: version: &apos;2.48.2&apos;, revision: &apos;41bccdd10cf2c0560f637404c2d96164b67d9d67&apos;, time: &apos;2015-10-09 13:08:06&apos;
System info: host: &apos;W8150602&apos;, ip: &apos;172.18.101.96&apos;, os.name: &apos;Windows 8.1&apos;, os.arch: &apos;x86&apos;, os.version: &apos;6.3&apos;, java.version: &apos;1.8.0_45&apos;
Driver info: org.openqa.selenium.firefox.FirefoxDriver
Capabilities [{applicationCacheEnabled=true, rotatable=false, handlesAlerts=true, databaseEnabled=true, version=42.0, platform=WINDOWS, nativeEvents=false, acceptSslCerts=true, webStorageEnabled=true, locationContextEnabled=true, browserName=firefox, takesScreenshot=true, javascriptEnabled=true, cssSelectorsEnabled=true}]
Session ID: d833c060-7fb9-4846-8bc4-232e3a542206
*** Element info: {Using=css selector, value=#SkyBetAccount}
	at sun.reflect.NativeConstructorAccessorImpl.newInstance0(Native Method)
	at sun.reflect.NativeConstructorAccessorImpl.newInstance(NativeConstructorAccessorImpl.java:62)
	at sun.reflect.DelegatingConstructorAccessorImpl.newInstance(DelegatingConstructorAccessorImpl.java:45)
	at java.lang.reflect.Constructor.newInstance(Constructor.java:422)
	at org.openqa.selenium.remote.ErrorHandler.createThrowable(ErrorHandler.java:206)
	at org.openqa.selenium.remote.ErrorHandler.throwIfResponseFailed(ErrorHandler.java:158)
	at org.openqa.selenium.remote.RemoteWebDriver.execute(RemoteWebDriver.java:647)
	at org.openqa.selenium.remote.RemoteWebDriver.findElement(RemoteWebDriver.java:353)
	at org.openqa.selenium.remote.RemoteWebDriver.findElementByCssSelector(RemoteWebDriver.java:482)
	at org.openqa.selenium.By$ByCssSelector.findElement(By.java:430)
	at org.openqa.selenium.remote.RemoteWebDriver.findElement(RemoteWebDriver.java:345)
	at sky.cucumber.pageObjects.LoginPage.isLoginFormPresent(LoginPage.java:30)
	at sky.cucumber.stepDefinitions.LoginPageStepDefs.i_should_see_the_login_options(LoginPageStepDefs.java:33)
	at ✽.Then I should see the login options(SkyLogin.feature:11)
Caused by: org.openqa.selenium.NoSuchElementException: Unable to locate element: {&quot;method&quot;:&quot;css selector&quot;,&quot;selector&quot;:&quot;#SkyBetAccount&quot;}
For documentation on this error, please visit: http://seleniumhq.org/exceptions/no_such_element.html
Build info: version: &apos;2.48.2&apos;, revision: &apos;41bccdd10cf2c0560f637404c2d96164b67d9d67&apos;, time: &apos;2015-10-09 13:08:06&apos;
System info: host: &apos;W8150602&apos;, ip: &apos;172.18.101.96&apos;, os.name: &apos;Windows 8.1&apos;, os.arch: &apos;x86&apos;, os.version: &apos;6.3&apos;, java.version: &apos;1.8.0_45&apos;
Driver info: driver.version: unknown
	at &lt;anonymous class&gt;.FirefoxDriver.prototype.findElementInternal_(file:///C:/WINDOWS/TEMP/anonymous7546761595933880340webdriver-profile/extensions/fxdriver@googlecode.com/components/driver-component.js:10659)
	at &lt;anonymous class&gt;.fxdriver.Timer.prototype.setTimeout/&lt;.notify(file:///C:/WINDOWS/TEMP/anonymous7546761595933880340webdriver-profile/extensions/fxdriver@googlecode.com/components/driver-component.js:621)
</error>
  </testcase>
=======
  <testcase classname="Scenario: Place multiple bets" name="Given I have arrived on the website" time="0.006">
    <failure message="1 expectation failed.
XML path title doesn&apos;t match.
Expected: Hello World
  Actual: nullnullDigital, Social, Mobile Marketing | HelloWorldnullnullnullnullnullnullnullnullnullnullnullnullnullnullWhat We DoPromotionsLoyaltyMobileSocialLive EventsTechnologyAgency ServicesMediaAnalyticsLegal + PrizeOur WorkPortfolioClientsLive CampaignsInsightsBlogNewsEventsAwardsWebinarsnullCompanyOur StoryLocationsKey PeopleCareersContact UsPlatform LoginnullContact UsPlatform Loginnullnullnulltonullnulldrive consumer demand.accelerate growth.promotionsloyaltymobile messagingnullnullCase Studies: Cross Screen, Cross ChannelnullMobile Activation at Live EventsnullMulti-channel Photo &amp; Essay ContestnullMulti-Channel Social LoyaltynullUGC Contest &amp; Gaming (and Jedi Training)nullBrand Engagement via ComedynullIn-Store Mobile Gamification &amp; OffernullMobile App Chance to Win SDK &amp; OffernullSocial &amp; Mobile Daily GiveawaynullPosted to Adweek&apos;s Social TimesnullHelloWorld&apos;s Jen Gray reports how mobile tech has surpassed Back to the Future&apos;s expectations.nullnullIs Q1 your biggest holiday opportunity?nullPost-holiday sales are not far behind the dollars spent at the end of the year. Learn how to engage come January 1.neglecting the major retailing opportunity just around the corner - See more at: http://www.helloworld.com/insights/news/articles/2015/09/09/tech-guest-viewpoint-is-q1-your-biggest-holiday-opportunity/#sthash.5I4WTpoM.dpufneglecting the major retailing opportunity just around the corner - See more at: http://www.helloworld.com/insights/news/articles/2015/09/09/tech-guest-viewpoint-is-q1-your-biggest-holiday-opportunity/#sthash.5I4WTpoM.dpufneglecting the major retailing opportunity just around the corner - See more at: http://www.helloworld.com/insights/news/articles/2015/09/09/tech-guest-viewpoint-is-q1-your-biggest-holiday-opportunity/#sthash.5I4WTpoM.dpufnullnullnullComedy leads to conversionTrulia drives social chatter with funny video challenges and a dream sized prize.nullForbes asked our opinion on REInull...and our VP Matt Kates has a response. Check out a great read on REI&apos;s decision to opt out of Black Friday.nullnullFree whitepaper: Measuring the Value of Brand EngagementnullNew study shows the impact of engagement on purchase and loyalty.nullnullnullnullnullnullnull| nullCareersPrivacy PolicyePrize SecuredMobile Terms and ConditionsSitemapHelloInsidersGoogle+nullnullnull
setTimeout(function(){var a=document.createElement(&quot;script&quot;);
var b=document.getElementsByTagName(&quot;script&quot;)[0];
a.src=document.location.protocol+&quot;//dnn506yrbagrg.cloudfront.net/pages/scripts/0022/7425.js?&quot;+Math.floor(new Date().getTime()/3600000);
a.async=true;a.type=&quot;text/javascript&quot;;b.parentNode.insertBefore(a,b)}, 1);

(function(i,s,o,g,r,a,m){i[&apos;GoogleAnalyticsObject&apos;]=r;i[r]=i[r]||function(){
(i[r].q=i[r].q||[]).push(arguments)},i[r].l=1*new Date();a=s.createElement(o),
m=s.getElementsByTagName(o)[0];a.async=1;a.src=g;m.parentNode.insertBefore(a,m)
})(window,document,&apos;script&apos;,&apos;//www.google-analytics.com/analytics.js&apos;,&apos;ga&apos;);

ga(&apos;create&apos;, &apos;UA-1297161-1&apos;, &apos;auto&apos;);
ga(&apos;send&apos;, &apos;pageview&apos;);


// AdRoll Pixel.
adroll_adv_id = &quot;OLCQINIBCFGK3OS6FDV2RV&quot;;
adroll_pix_id = &quot;QWQ63Y56WVAFFMCX6LGKMC&quot;;
(function () {
var oldonload = window.onload;
window.onload = function(){
   __adroll_loaded=true;
   var scr = document.createElement(&quot;script&quot;);
   var host = ((&quot;https:&quot; == document.location.protocol) ? &quot;https://s.adroll.com&quot; : &quot;http://a.adroll.com&quot;);
   scr.setAttribute(&apos;async&apos;, &apos;true&apos;);
   scr.type = &quot;text/javascript&quot;;
   scr.src = host + &quot;/j/roundtrip.js&quot;;
   ((document.getElementsByTagName(&apos;head&apos;) || [null])[0] ||
    document.getElementsByTagName(&apos;script&apos;)[0].parentNode).appendChild(scr);
   if(oldonload){oldonload()}};
}());

/* &lt;![CDATA[ */
var google_conversion_id = 965796435;
var google_custom_params = window.google_tag_params;
var google_remarketing_only = true;
/* ]]&gt; */
nullnull
" type="java.lang.AssertionError">java.lang.AssertionError: 1 expectation failed.
XML path title doesn&apos;t match.
Expected: Hello World
  Actual: nullnullDigital, Social, Mobile Marketing | HelloWorldnullnullnullnullnullnullnullnullnullnullnullnullnullnullWhat We DoPromotionsLoyaltyMobileSocialLive EventsTechnologyAgency ServicesMediaAnalyticsLegal + PrizeOur WorkPortfolioClientsLive CampaignsInsightsBlogNewsEventsAwardsWebinarsnullCompanyOur StoryLocationsKey PeopleCareersContact UsPlatform LoginnullContact UsPlatform Loginnullnullnulltonullnulldrive consumer demand.accelerate growth.promotionsloyaltymobile messagingnullnullCase Studies: Cross Screen, Cross ChannelnullMobile Activation at Live EventsnullMulti-channel Photo &amp; Essay ContestnullMulti-Channel Social LoyaltynullUGC Contest &amp; Gaming (and Jedi Training)nullBrand Engagement via ComedynullIn-Store Mobile Gamification &amp; OffernullMobile App Chance to Win SDK &amp; OffernullSocial &amp; Mobile Daily GiveawaynullPosted to Adweek&apos;s Social TimesnullHelloWorld&apos;s Jen Gray reports how mobile tech has surpassed Back to the Future&apos;s expectations.nullnullIs Q1 your biggest holiday opportunity?nullPost-holiday sales are not far behind the dollars spent at the end of the year. Learn how to engage come January 1.neglecting the major retailing opportunity just around the corner - See more at: http://www.helloworld.com/insights/news/articles/2015/09/09/tech-guest-viewpoint-is-q1-your-biggest-holiday-opportunity/#sthash.5I4WTpoM.dpufneglecting the major retailing opportunity just around the corner - See more at: http://www.helloworld.com/insights/news/articles/2015/09/09/tech-guest-viewpoint-is-q1-your-biggest-holiday-opportunity/#sthash.5I4WTpoM.dpufneglecting the major retailing opportunity just around the corner - See more at: http://www.helloworld.com/insights/news/articles/2015/09/09/tech-guest-viewpoint-is-q1-your-biggest-holiday-opportunity/#sthash.5I4WTpoM.dpufnullnullnullComedy leads to conversionTrulia drives social chatter with funny video challenges and a dream sized prize.nullForbes asked our opinion on REInull...and our VP Matt Kates has a response. Check out a great read on REI&apos;s decision to opt out of Black Friday.nullnullFree whitepaper: Measuring the Value of Brand EngagementnullNew study shows the impact of engagement on purchase and loyalty.nullnullnullnullnullnullnull| nullCareersPrivacy PolicyePrize SecuredMobile Terms and ConditionsSitemapHelloInsidersGoogle+nullnullnull
setTimeout(function(){var a=document.createElement(&quot;script&quot;);
var b=document.getElementsByTagName(&quot;script&quot;)[0];
a.src=document.location.protocol+&quot;//dnn506yrbagrg.cloudfront.net/pages/scripts/0022/7425.js?&quot;+Math.floor(new Date().getTime()/3600000);
a.async=true;a.type=&quot;text/javascript&quot;;b.parentNode.insertBefore(a,b)}, 1);

(function(i,s,o,g,r,a,m){i[&apos;GoogleAnalyticsObject&apos;]=r;i[r]=i[r]||function(){
(i[r].q=i[r].q||[]).push(arguments)},i[r].l=1*new Date();a=s.createElement(o),
m=s.getElementsByTagName(o)[0];a.async=1;a.src=g;m.parentNode.insertBefore(a,m)
})(window,document,&apos;script&apos;,&apos;//www.google-analytics.com/analytics.js&apos;,&apos;ga&apos;);

ga(&apos;create&apos;, &apos;UA-1297161-1&apos;, &apos;auto&apos;);
ga(&apos;send&apos;, &apos;pageview&apos;);


// AdRoll Pixel.
adroll_adv_id = &quot;OLCQINIBCFGK3OS6FDV2RV&quot;;
adroll_pix_id = &quot;QWQ63Y56WVAFFMCX6LGKMC&quot;;
(function () {
var oldonload = window.onload;
window.onload = function(){
   __adroll_loaded=true;
   var scr = document.createElement(&quot;script&quot;);
   var host = ((&quot;https:&quot; == document.location.protocol) ? &quot;https://s.adroll.com&quot; : &quot;http://a.adroll.com&quot;);
   scr.setAttribute(&apos;async&apos;, &apos;true&apos;);
   scr.type = &quot;text/javascript&quot;;
   scr.src = host + &quot;/j/roundtrip.js&quot;;
   ((document.getElementsByTagName(&apos;head&apos;) || [null])[0] ||
    document.getElementsByTagName(&apos;script&apos;)[0].parentNode).appendChild(scr);
   if(oldonload){oldonload()}};
}());

/* &lt;![CDATA[ */
var google_conversion_id = 965796435;
var google_custom_params = window.google_tag_params;
var google_remarketing_only = true;
/* ]]&gt; */
nullnull

	at sun.reflect.NativeConstructorAccessorImpl.newInstance0(Native Method)
	at sun.reflect.NativeConstructorAccessorImpl.newInstance(NativeConstructorAccessorImpl.java:62)
	at sun.reflect.DelegatingConstructorAccessorImpl.newInstance(DelegatingConstructorAccessorImpl.java:45)
	at java.lang.reflect.Constructor.newInstance(Constructor.java:422)
	at org.codehaus.groovy.reflection.CachedConstructor.invoke(CachedConstructor.java:80)
	at org.codehaus.groovy.reflection.CachedConstructor.doConstructorInvoke(CachedConstructor.java:74)
	at org.codehaus.groovy.runtime.callsite.ConstructorSite$ConstructorSiteNoUnwrap.callConstructor(ConstructorSite.java:84)
	at org.codehaus.groovy.runtime.callsite.CallSiteArray.defaultCallConstructor(CallSiteArray.java:60)
	at org.codehaus.groovy.runtime.callsite.AbstractCallSite.callConstructor(AbstractCallSite.java:235)
	at org.codehaus.groovy.runtime.callsite.AbstractCallSite.callConstructor(AbstractCallSite.java:247)
	at com.jayway.restassured.internal.ResponseSpecificationImpl$HamcrestAssertionClosure.validate(ResponseSpecificationImpl.groovy:584)
	at com.jayway.restassured.internal.ResponseSpecificationImpl$HamcrestAssertionClosure$validate$1.call(Unknown Source)
	at org.codehaus.groovy.runtime.callsite.CallSiteArray.defaultCall(CallSiteArray.java:48)
	at org.codehaus.groovy.runtime.callsite.AbstractCallSite.call(AbstractCallSite.java:113)
	at org.codehaus.groovy.runtime.callsite.AbstractCallSite.call(AbstractCallSite.java:125)
	at com.jayway.restassured.internal.RequestSpecificationImpl.applyPathParamsAndSendRequest(RequestSpecificationImpl.groovy:1467)
	at sun.reflect.NativeMethodAccessorImpl.invoke0(Native Method)
	at sun.reflect.NativeMethodAccessorImpl.invoke(NativeMethodAccessorImpl.java:62)
	at sun.reflect.DelegatingMethodAccessorImpl.invoke(DelegatingMethodAccessorImpl.java:43)
	at java.lang.reflect.Method.invoke(Method.java:497)
	at org.codehaus.groovy.reflection.CachedMethod.invoke(CachedMethod.java:93)
	at groovy.lang.MetaMethod.doMethodInvoke(MetaMethod.java:325)
	at groovy.lang.MetaClassImpl.invokeMethod(MetaClassImpl.java:1210)
	at groovy.lang.MetaClassImpl.invokeMethod(MetaClassImpl.java:1019)
	at groovy.lang.MetaClassImpl.invokeMethod(MetaClassImpl.java:810)
	at com.jayway.restassured.internal.RequestSpecificationImpl.invokeMethod(RequestSpecificationImpl.groovy)
	at org.codehaus.groovy.runtime.callsite.PogoInterceptableSite.call(PogoInterceptableSite.java:48)
	at org.codehaus.groovy.runtime.callsite.PogoInterceptableSite.callCurrent(PogoInterceptableSite.java:58)
	at org.codehaus.groovy.runtime.callsite.CallSiteArray.defaultCallCurrent(CallSiteArray.java:52)
	at org.codehaus.groovy.runtime.callsite.AbstractCallSite.callCurrent(AbstractCallSite.java:154)
	at org.codehaus.groovy.runtime.callsite.AbstractCallSite.callCurrent(AbstractCallSite.java:182)
	at com.jayway.restassured.internal.RequestSpecificationImpl.get(RequestSpecificationImpl.groovy:151)
	at com.jayway.restassured.internal.RequestSpecificationImpl.get(RequestSpecificationImpl.groovy)
	at sun.reflect.NativeMethodAccessorImpl.invoke0(Native Method)
	at sun.reflect.NativeMethodAccessorImpl.invoke(NativeMethodAccessorImpl.java:62)
	at sun.reflect.DelegatingMethodAccessorImpl.invoke(DelegatingMethodAccessorImpl.java:43)
	at java.lang.reflect.Method.invoke(Method.java:497)
	at org.codehaus.groovy.reflection.CachedMethod.invoke(CachedMethod.java:93)
	at groovy.lang.MetaMethod.doMethodInvoke(MetaMethod.java:325)
	at groovy.lang.MetaClassImpl.invokeMethod(MetaClassImpl.java:1210)
	at groovy.lang.MetaClassImpl.invokeMethod(MetaClassImpl.java:1019)
	at groovy.lang.MetaClassImpl.invokeMethod(MetaClassImpl.java:810)
	at com.jayway.restassured.internal.RequestSpecificationImpl.invokeMethod(RequestSpecificationImpl.groovy)
	at org.codehaus.groovy.runtime.callsite.PogoInterceptableSite.call(PogoInterceptableSite.java:48)
	at org.codehaus.groovy.runtime.callsite.CallSiteArray.defaultCall(CallSiteArray.java:48)
	at org.codehaus.groovy.runtime.callsite.AbstractCallSite.call(AbstractCallSite.java:113)
	at org.codehaus.groovy.runtime.callsite.AbstractCallSite.call(AbstractCallSite.java:133)
	at com.jayway.restassured.internal.ResponseSpecificationImpl.get(ResponseSpecificationImpl.groovy:276)
	at com.jayway.restassured.internal.ResponseSpecificationImpl.get(ResponseSpecificationImpl.groovy)
	at sky.cucumber.stepDefinitions.HomePageStepDefinitions.i_have_arrived_on_the_website(HomePageStepDefinitions.java:37)
	at ✽.Given I have arrived on the website(SkyBetPlacement.feature:9)
</failure>
  </testcase>
  <testcase classname="Scenario: Place multiple bets" name="Scenario: Place multiple bets" time="0.015">
    <failure message="1 expectation failed.
XML path title doesn&apos;t match.
Expected: Hello World
  Actual: nullnullDigital, Social, Mobile Marketing | HelloWorldnullnullnullnullnullnullnullnullnullnullnullnullnullnullWhat We DoPromotionsLoyaltyMobileSocialLive EventsTechnologyAgency ServicesMediaAnalyticsLegal + PrizeOur WorkPortfolioClientsLive CampaignsInsightsBlogNewsEventsAwardsWebinarsnullCompanyOur StoryLocationsKey PeopleCareersContact UsPlatform LoginnullContact UsPlatform Loginnullnullnulltonullnulldrive consumer demand.accelerate growth.promotionsloyaltymobile messagingnullnullCase Studies: Cross Screen, Cross ChannelnullMobile Activation at Live EventsnullMulti-channel Photo &amp; Essay ContestnullMulti-Channel Social LoyaltynullUGC Contest &amp; Gaming (and Jedi Training)nullBrand Engagement via ComedynullIn-Store Mobile Gamification &amp; OffernullMobile App Chance to Win SDK &amp; OffernullSocial &amp; Mobile Daily GiveawaynullPosted to Adweek&apos;s Social TimesnullHelloWorld&apos;s Jen Gray reports how mobile tech has surpassed Back to the Future&apos;s expectations.nullnullIs Q1 your biggest holiday opportunity?nullPost-holiday sales are not far behind the dollars spent at the end of the year. Learn how to engage come January 1.neglecting the major retailing opportunity just around the corner - See more at: http://www.helloworld.com/insights/news/articles/2015/09/09/tech-guest-viewpoint-is-q1-your-biggest-holiday-opportunity/#sthash.5I4WTpoM.dpufneglecting the major retailing opportunity just around the corner - See more at: http://www.helloworld.com/insights/news/articles/2015/09/09/tech-guest-viewpoint-is-q1-your-biggest-holiday-opportunity/#sthash.5I4WTpoM.dpufneglecting the major retailing opportunity just around the corner - See more at: http://www.helloworld.com/insights/news/articles/2015/09/09/tech-guest-viewpoint-is-q1-your-biggest-holiday-opportunity/#sthash.5I4WTpoM.dpufnullnullnullComedy leads to conversionTrulia drives social chatter with funny video challenges and a dream sized prize.nullForbes asked our opinion on REInull...and our VP Matt Kates has a response. Check out a great read on REI&apos;s decision to opt out of Black Friday.nullnullFree whitepaper: Measuring the Value of Brand EngagementnullNew study shows the impact of engagement on purchase and loyalty.nullnullnullnullnullnullnull| nullCareersPrivacy PolicyePrize SecuredMobile Terms and ConditionsSitemapHelloInsidersGoogle+nullnullnull
setTimeout(function(){var a=document.createElement(&quot;script&quot;);
var b=document.getElementsByTagName(&quot;script&quot;)[0];
a.src=document.location.protocol+&quot;//dnn506yrbagrg.cloudfront.net/pages/scripts/0022/7425.js?&quot;+Math.floor(new Date().getTime()/3600000);
a.async=true;a.type=&quot;text/javascript&quot;;b.parentNode.insertBefore(a,b)}, 1);

(function(i,s,o,g,r,a,m){i[&apos;GoogleAnalyticsObject&apos;]=r;i[r]=i[r]||function(){
(i[r].q=i[r].q||[]).push(arguments)},i[r].l=1*new Date();a=s.createElement(o),
m=s.getElementsByTagName(o)[0];a.async=1;a.src=g;m.parentNode.insertBefore(a,m)
})(window,document,&apos;script&apos;,&apos;//www.google-analytics.com/analytics.js&apos;,&apos;ga&apos;);

ga(&apos;create&apos;, &apos;UA-1297161-1&apos;, &apos;auto&apos;);
ga(&apos;send&apos;, &apos;pageview&apos;);


// AdRoll Pixel.
adroll_adv_id = &quot;OLCQINIBCFGK3OS6FDV2RV&quot;;
adroll_pix_id = &quot;QWQ63Y56WVAFFMCX6LGKMC&quot;;
(function () {
var oldonload = window.onload;
window.onload = function(){
   __adroll_loaded=true;
   var scr = document.createElement(&quot;script&quot;);
   var host = ((&quot;https:&quot; == document.location.protocol) ? &quot;https://s.adroll.com&quot; : &quot;http://a.adroll.com&quot;);
   scr.setAttribute(&apos;async&apos;, &apos;true&apos;);
   scr.type = &quot;text/javascript&quot;;
   scr.src = host + &quot;/j/roundtrip.js&quot;;
   ((document.getElementsByTagName(&apos;head&apos;) || [null])[0] ||
    document.getElementsByTagName(&apos;script&apos;)[0].parentNode).appendChild(scr);
   if(oldonload){oldonload()}};
}());

/* &lt;![CDATA[ */
var google_conversion_id = 965796435;
var google_custom_params = window.google_tag_params;
var google_remarketing_only = true;
/* ]]&gt; */
nullnull
" type="java.lang.AssertionError">java.lang.AssertionError: 1 expectation failed.
XML path title doesn&apos;t match.
Expected: Hello World
  Actual: nullnullDigital, Social, Mobile Marketing | HelloWorldnullnullnullnullnullnullnullnullnullnullnullnullnullnullWhat We DoPromotionsLoyaltyMobileSocialLive EventsTechnologyAgency ServicesMediaAnalyticsLegal + PrizeOur WorkPortfolioClientsLive CampaignsInsightsBlogNewsEventsAwardsWebinarsnullCompanyOur StoryLocationsKey PeopleCareersContact UsPlatform LoginnullContact UsPlatform Loginnullnullnulltonullnulldrive consumer demand.accelerate growth.promotionsloyaltymobile messagingnullnullCase Studies: Cross Screen, Cross ChannelnullMobile Activation at Live EventsnullMulti-channel Photo &amp; Essay ContestnullMulti-Channel Social LoyaltynullUGC Contest &amp; Gaming (and Jedi Training)nullBrand Engagement via ComedynullIn-Store Mobile Gamification &amp; OffernullMobile App Chance to Win SDK &amp; OffernullSocial &amp; Mobile Daily GiveawaynullPosted to Adweek&apos;s Social TimesnullHelloWorld&apos;s Jen Gray reports how mobile tech has surpassed Back to the Future&apos;s expectations.nullnullIs Q1 your biggest holiday opportunity?nullPost-holiday sales are not far behind the dollars spent at the end of the year. Learn how to engage come January 1.neglecting the major retailing opportunity just around the corner - See more at: http://www.helloworld.com/insights/news/articles/2015/09/09/tech-guest-viewpoint-is-q1-your-biggest-holiday-opportunity/#sthash.5I4WTpoM.dpufneglecting the major retailing opportunity just around the corner - See more at: http://www.helloworld.com/insights/news/articles/2015/09/09/tech-guest-viewpoint-is-q1-your-biggest-holiday-opportunity/#sthash.5I4WTpoM.dpufneglecting the major retailing opportunity just around the corner - See more at: http://www.helloworld.com/insights/news/articles/2015/09/09/tech-guest-viewpoint-is-q1-your-biggest-holiday-opportunity/#sthash.5I4WTpoM.dpufnullnullnullComedy leads to conversionTrulia drives social chatter with funny video challenges and a dream sized prize.nullForbes asked our opinion on REInull...and our VP Matt Kates has a response. Check out a great read on REI&apos;s decision to opt out of Black Friday.nullnullFree whitepaper: Measuring the Value of Brand EngagementnullNew study shows the impact of engagement on purchase and loyalty.nullnullnullnullnullnullnull| nullCareersPrivacy PolicyePrize SecuredMobile Terms and ConditionsSitemapHelloInsidersGoogle+nullnullnull
setTimeout(function(){var a=document.createElement(&quot;script&quot;);
var b=document.getElementsByTagName(&quot;script&quot;)[0];
a.src=document.location.protocol+&quot;//dnn506yrbagrg.cloudfront.net/pages/scripts/0022/7425.js?&quot;+Math.floor(new Date().getTime()/3600000);
a.async=true;a.type=&quot;text/javascript&quot;;b.parentNode.insertBefore(a,b)}, 1);

(function(i,s,o,g,r,a,m){i[&apos;GoogleAnalyticsObject&apos;]=r;i[r]=i[r]||function(){
(i[r].q=i[r].q||[]).push(arguments)},i[r].l=1*new Date();a=s.createElement(o),
m=s.getElementsByTagName(o)[0];a.async=1;a.src=g;m.parentNode.insertBefore(a,m)
})(window,document,&apos;script&apos;,&apos;//www.google-analytics.com/analytics.js&apos;,&apos;ga&apos;);

ga(&apos;create&apos;, &apos;UA-1297161-1&apos;, &apos;auto&apos;);
ga(&apos;send&apos;, &apos;pageview&apos;);


// AdRoll Pixel.
adroll_adv_id = &quot;OLCQINIBCFGK3OS6FDV2RV&quot;;
adroll_pix_id = &quot;QWQ63Y56WVAFFMCX6LGKMC&quot;;
(function () {
var oldonload = window.onload;
window.onload = function(){
   __adroll_loaded=true;
   var scr = document.createElement(&quot;script&quot;);
   var host = ((&quot;https:&quot; == document.location.protocol) ? &quot;https://s.adroll.com&quot; : &quot;http://a.adroll.com&quot;);
   scr.setAttribute(&apos;async&apos;, &apos;true&apos;);
   scr.type = &quot;text/javascript&quot;;
   scr.src = host + &quot;/j/roundtrip.js&quot;;
   ((document.getElementsByTagName(&apos;head&apos;) || [null])[0] ||
    document.getElementsByTagName(&apos;script&apos;)[0].parentNode).appendChild(scr);
   if(oldonload){oldonload()}};
}());

/* &lt;![CDATA[ */
var google_conversion_id = 965796435;
var google_custom_params = window.google_tag_params;
var google_remarketing_only = true;
/* ]]&gt; */
nullnull

	at sun.reflect.NativeConstructorAccessorImpl.newInstance0(Native Method)
	at sun.reflect.NativeConstructorAccessorImpl.newInstance(NativeConstructorAccessorImpl.java:62)
	at sun.reflect.DelegatingConstructorAccessorImpl.newInstance(DelegatingConstructorAccessorImpl.java:45)
	at java.lang.reflect.Constructor.newInstance(Constructor.java:422)
	at org.codehaus.groovy.reflection.CachedConstructor.invoke(CachedConstructor.java:80)
	at org.codehaus.groovy.reflection.CachedConstructor.doConstructorInvoke(CachedConstructor.java:74)
	at org.codehaus.groovy.runtime.callsite.ConstructorSite$ConstructorSiteNoUnwrap.callConstructor(ConstructorSite.java:84)
	at org.codehaus.groovy.runtime.callsite.CallSiteArray.defaultCallConstructor(CallSiteArray.java:60)
	at org.codehaus.groovy.runtime.callsite.AbstractCallSite.callConstructor(AbstractCallSite.java:235)
	at org.codehaus.groovy.runtime.callsite.AbstractCallSite.callConstructor(AbstractCallSite.java:247)
	at com.jayway.restassured.internal.ResponseSpecificationImpl$HamcrestAssertionClosure.validate(ResponseSpecificationImpl.groovy:584)
	at com.jayway.restassured.internal.ResponseSpecificationImpl$HamcrestAssertionClosure$validate$1.call(Unknown Source)
	at org.codehaus.groovy.runtime.callsite.CallSiteArray.defaultCall(CallSiteArray.java:48)
	at org.codehaus.groovy.runtime.callsite.AbstractCallSite.call(AbstractCallSite.java:113)
	at org.codehaus.groovy.runtime.callsite.AbstractCallSite.call(AbstractCallSite.java:125)
	at com.jayway.restassured.internal.RequestSpecificationImpl.applyPathParamsAndSendRequest(RequestSpecificationImpl.groovy:1467)
	at sun.reflect.NativeMethodAccessorImpl.invoke0(Native Method)
	at sun.reflect.NativeMethodAccessorImpl.invoke(NativeMethodAccessorImpl.java:62)
	at sun.reflect.DelegatingMethodAccessorImpl.invoke(DelegatingMethodAccessorImpl.java:43)
	at java.lang.reflect.Method.invoke(Method.java:497)
	at org.codehaus.groovy.reflection.CachedMethod.invoke(CachedMethod.java:93)
	at groovy.lang.MetaMethod.doMethodInvoke(MetaMethod.java:325)
	at groovy.lang.MetaClassImpl.invokeMethod(MetaClassImpl.java:1210)
	at groovy.lang.MetaClassImpl.invokeMethod(MetaClassImpl.java:1019)
	at groovy.lang.MetaClassImpl.invokeMethod(MetaClassImpl.java:810)
	at com.jayway.restassured.internal.RequestSpecificationImpl.invokeMethod(RequestSpecificationImpl.groovy)
	at org.codehaus.groovy.runtime.callsite.PogoInterceptableSite.call(PogoInterceptableSite.java:48)
	at org.codehaus.groovy.runtime.callsite.PogoInterceptableSite.callCurrent(PogoInterceptableSite.java:58)
	at org.codehaus.groovy.runtime.callsite.CallSiteArray.defaultCallCurrent(CallSiteArray.java:52)
	at org.codehaus.groovy.runtime.callsite.AbstractCallSite.callCurrent(AbstractCallSite.java:154)
	at org.codehaus.groovy.runtime.callsite.AbstractCallSite.callCurrent(AbstractCallSite.java:182)
	at com.jayway.restassured.internal.RequestSpecificationImpl.get(RequestSpecificationImpl.groovy:151)
	at com.jayway.restassured.internal.RequestSpecificationImpl.get(RequestSpecificationImpl.groovy)
	at sun.reflect.NativeMethodAccessorImpl.invoke0(Native Method)
	at sun.reflect.NativeMethodAccessorImpl.invoke(NativeMethodAccessorImpl.java:62)
	at sun.reflect.DelegatingMethodAccessorImpl.invoke(DelegatingMethodAccessorImpl.java:43)
	at java.lang.reflect.Method.invoke(Method.java:497)
	at org.codehaus.groovy.reflection.CachedMethod.invoke(CachedMethod.java:93)
	at groovy.lang.MetaMethod.doMethodInvoke(MetaMethod.java:325)
	at groovy.lang.MetaClassImpl.invokeMethod(MetaClassImpl.java:1210)
	at groovy.lang.MetaClassImpl.invokeMethod(MetaClassImpl.java:1019)
	at groovy.lang.MetaClassImpl.invokeMethod(MetaClassImpl.java:810)
	at com.jayway.restassured.internal.RequestSpecificationImpl.invokeMethod(RequestSpecificationImpl.groovy)
	at org.codehaus.groovy.runtime.callsite.PogoInterceptableSite.call(PogoInterceptableSite.java:48)
	at org.codehaus.groovy.runtime.callsite.CallSiteArray.defaultCall(CallSiteArray.java:48)
	at org.codehaus.groovy.runtime.callsite.AbstractCallSite.call(AbstractCallSite.java:113)
	at org.codehaus.groovy.runtime.callsite.AbstractCallSite.call(AbstractCallSite.java:133)
	at com.jayway.restassured.internal.ResponseSpecificationImpl.get(ResponseSpecificationImpl.groovy:276)
	at com.jayway.restassured.internal.ResponseSpecificationImpl.get(ResponseSpecificationImpl.groovy)
	at sky.cucumber.stepDefinitions.HomePageStepDefinitions.i_have_arrived_on_the_website(HomePageStepDefinitions.java:37)
	at ✽.Given I have arrived on the website(SkyBetPlacement.feature:9)
</failure>
  </testcase>
  <testcase classname="Scenario: Place multiple bets" name="When I place &quot;4&quot; bets" time="0.023">
    <skipped/>
  </testcase>
  <testcase classname="Scenario: Place multiple bets" name="Then the betslip should appear" time="0.027">
    <skipped/>
  </testcase>
  <testcase classname="Scenario: User browses through available sports" name="Given I have arrived on the website" time="0">
    <failure message="1 expectation failed.
XML path title doesn&apos;t match.
Expected: Hello World
  Actual: nullnullDigital, Social, Mobile Marketing | HelloWorldnullnullnullnullnullnullnullnullnullnullnullnullnullnullWhat We DoPromotionsLoyaltyMobileSocialLive EventsTechnologyAgency ServicesMediaAnalyticsLegal + PrizeOur WorkPortfolioClientsLive CampaignsInsightsBlogNewsEventsAwardsWebinarsnullCompanyOur StoryLocationsKey PeopleCareersContact UsPlatform LoginnullContact UsPlatform Loginnullnullnulltonullnulldrive consumer demand.accelerate growth.promotionsloyaltymobile messagingnullnullCase Studies: Cross Screen, Cross ChannelnullMobile Activation at Live EventsnullMulti-channel Photo &amp; Essay ContestnullMulti-Channel Social LoyaltynullUGC Contest &amp; Gaming (and Jedi Training)nullBrand Engagement via ComedynullIn-Store Mobile Gamification &amp; OffernullMobile App Chance to Win SDK &amp; OffernullSocial &amp; Mobile Daily GiveawaynullPosted to Adweek&apos;s Social TimesnullHelloWorld&apos;s Jen Gray reports how mobile tech has surpassed Back to the Future&apos;s expectations.nullnullIs Q1 your biggest holiday opportunity?nullPost-holiday sales are not far behind the dollars spent at the end of the year. Learn how to engage come January 1.neglecting the major retailing opportunity just around the corner - See more at: http://www.helloworld.com/insights/news/articles/2015/09/09/tech-guest-viewpoint-is-q1-your-biggest-holiday-opportunity/#sthash.5I4WTpoM.dpufneglecting the major retailing opportunity just around the corner - See more at: http://www.helloworld.com/insights/news/articles/2015/09/09/tech-guest-viewpoint-is-q1-your-biggest-holiday-opportunity/#sthash.5I4WTpoM.dpufneglecting the major retailing opportunity just around the corner - See more at: http://www.helloworld.com/insights/news/articles/2015/09/09/tech-guest-viewpoint-is-q1-your-biggest-holiday-opportunity/#sthash.5I4WTpoM.dpufnullnullnullComedy leads to conversionTrulia drives social chatter with funny video challenges and a dream sized prize.nullForbes asked our opinion on REInull...and our VP Matt Kates has a response. Check out a great read on REI&apos;s decision to opt out of Black Friday.nullnullFree whitepaper: Measuring the Value of Brand EngagementnullNew study shows the impact of engagement on purchase and loyalty.nullnullnullnullnullnullnull| nullCareersPrivacy PolicyePrize SecuredMobile Terms and ConditionsSitemapHelloInsidersGoogle+nullnullnull
setTimeout(function(){var a=document.createElement(&quot;script&quot;);
var b=document.getElementsByTagName(&quot;script&quot;)[0];
a.src=document.location.protocol+&quot;//dnn506yrbagrg.cloudfront.net/pages/scripts/0022/7425.js?&quot;+Math.floor(new Date().getTime()/3600000);
a.async=true;a.type=&quot;text/javascript&quot;;b.parentNode.insertBefore(a,b)}, 1);

(function(i,s,o,g,r,a,m){i[&apos;GoogleAnalyticsObject&apos;]=r;i[r]=i[r]||function(){
(i[r].q=i[r].q||[]).push(arguments)},i[r].l=1*new Date();a=s.createElement(o),
m=s.getElementsByTagName(o)[0];a.async=1;a.src=g;m.parentNode.insertBefore(a,m)
})(window,document,&apos;script&apos;,&apos;//www.google-analytics.com/analytics.js&apos;,&apos;ga&apos;);

ga(&apos;create&apos;, &apos;UA-1297161-1&apos;, &apos;auto&apos;);
ga(&apos;send&apos;, &apos;pageview&apos;);


// AdRoll Pixel.
adroll_adv_id = &quot;OLCQINIBCFGK3OS6FDV2RV&quot;;
adroll_pix_id = &quot;QWQ63Y56WVAFFMCX6LGKMC&quot;;
(function () {
var oldonload = window.onload;
window.onload = function(){
   __adroll_loaded=true;
   var scr = document.createElement(&quot;script&quot;);
   var host = ((&quot;https:&quot; == document.location.protocol) ? &quot;https://s.adroll.com&quot; : &quot;http://a.adroll.com&quot;);
   scr.setAttribute(&apos;async&apos;, &apos;true&apos;);
   scr.type = &quot;text/javascript&quot;;
   scr.src = host + &quot;/j/roundtrip.js&quot;;
   ((document.getElementsByTagName(&apos;head&apos;) || [null])[0] ||
    document.getElementsByTagName(&apos;script&apos;)[0].parentNode).appendChild(scr);
   if(oldonload){oldonload()}};
}());

/* &lt;![CDATA[ */
var google_conversion_id = 965796435;
var google_custom_params = window.google_tag_params;
var google_remarketing_only = true;
/* ]]&gt; */
nullnull
" type="java.lang.AssertionError">java.lang.AssertionError: 1 expectation failed.
XML path title doesn&apos;t match.
Expected: Hello World
  Actual: nullnullDigital, Social, Mobile Marketing | HelloWorldnullnullnullnullnullnullnullnullnullnullnullnullnullnullWhat We DoPromotionsLoyaltyMobileSocialLive EventsTechnologyAgency ServicesMediaAnalyticsLegal + PrizeOur WorkPortfolioClientsLive CampaignsInsightsBlogNewsEventsAwardsWebinarsnullCompanyOur StoryLocationsKey PeopleCareersContact UsPlatform LoginnullContact UsPlatform Loginnullnullnulltonullnulldrive consumer demand.accelerate growth.promotionsloyaltymobile messagingnullnullCase Studies: Cross Screen, Cross ChannelnullMobile Activation at Live EventsnullMulti-channel Photo &amp; Essay ContestnullMulti-Channel Social LoyaltynullUGC Contest &amp; Gaming (and Jedi Training)nullBrand Engagement via ComedynullIn-Store Mobile Gamification &amp; OffernullMobile App Chance to Win SDK &amp; OffernullSocial &amp; Mobile Daily GiveawaynullPosted to Adweek&apos;s Social TimesnullHelloWorld&apos;s Jen Gray reports how mobile tech has surpassed Back to the Future&apos;s expectations.nullnullIs Q1 your biggest holiday opportunity?nullPost-holiday sales are not far behind the dollars spent at the end of the year. Learn how to engage come January 1.neglecting the major retailing opportunity just around the corner - See more at: http://www.helloworld.com/insights/news/articles/2015/09/09/tech-guest-viewpoint-is-q1-your-biggest-holiday-opportunity/#sthash.5I4WTpoM.dpufneglecting the major retailing opportunity just around the corner - See more at: http://www.helloworld.com/insights/news/articles/2015/09/09/tech-guest-viewpoint-is-q1-your-biggest-holiday-opportunity/#sthash.5I4WTpoM.dpufneglecting the major retailing opportunity just around the corner - See more at: http://www.helloworld.com/insights/news/articles/2015/09/09/tech-guest-viewpoint-is-q1-your-biggest-holiday-opportunity/#sthash.5I4WTpoM.dpufnullnullnullComedy leads to conversionTrulia drives social chatter with funny video challenges and a dream sized prize.nullForbes asked our opinion on REInull...and our VP Matt Kates has a response. Check out a great read on REI&apos;s decision to opt out of Black Friday.nullnullFree whitepaper: Measuring the Value of Brand EngagementnullNew study shows the impact of engagement on purchase and loyalty.nullnullnullnullnullnullnull| nullCareersPrivacy PolicyePrize SecuredMobile Terms and ConditionsSitemapHelloInsidersGoogle+nullnullnull
setTimeout(function(){var a=document.createElement(&quot;script&quot;);
var b=document.getElementsByTagName(&quot;script&quot;)[0];
a.src=document.location.protocol+&quot;//dnn506yrbagrg.cloudfront.net/pages/scripts/0022/7425.js?&quot;+Math.floor(new Date().getTime()/3600000);
a.async=true;a.type=&quot;text/javascript&quot;;b.parentNode.insertBefore(a,b)}, 1);

(function(i,s,o,g,r,a,m){i[&apos;GoogleAnalyticsObject&apos;]=r;i[r]=i[r]||function(){
(i[r].q=i[r].q||[]).push(arguments)},i[r].l=1*new Date();a=s.createElement(o),
m=s.getElementsByTagName(o)[0];a.async=1;a.src=g;m.parentNode.insertBefore(a,m)
})(window,document,&apos;script&apos;,&apos;//www.google-analytics.com/analytics.js&apos;,&apos;ga&apos;);

ga(&apos;create&apos;, &apos;UA-1297161-1&apos;, &apos;auto&apos;);
ga(&apos;send&apos;, &apos;pageview&apos;);


// AdRoll Pixel.
adroll_adv_id = &quot;OLCQINIBCFGK3OS6FDV2RV&quot;;
adroll_pix_id = &quot;QWQ63Y56WVAFFMCX6LGKMC&quot;;
(function () {
var oldonload = window.onload;
window.onload = function(){
   __adroll_loaded=true;
   var scr = document.createElement(&quot;script&quot;);
   var host = ((&quot;https:&quot; == document.location.protocol) ? &quot;https://s.adroll.com&quot; : &quot;http://a.adroll.com&quot;);
   scr.setAttribute(&apos;async&apos;, &apos;true&apos;);
   scr.type = &quot;text/javascript&quot;;
   scr.src = host + &quot;/j/roundtrip.js&quot;;
   ((document.getElementsByTagName(&apos;head&apos;) || [null])[0] ||
    document.getElementsByTagName(&apos;script&apos;)[0].parentNode).appendChild(scr);
   if(oldonload){oldonload()}};
}());

/* &lt;![CDATA[ */
var google_conversion_id = 965796435;
var google_custom_params = window.google_tag_params;
var google_remarketing_only = true;
/* ]]&gt; */
nullnull

	at sun.reflect.NativeConstructorAccessorImpl.newInstance0(Native Method)
	at sun.reflect.NativeConstructorAccessorImpl.newInstance(NativeConstructorAccessorImpl.java:62)
	at sun.reflect.DelegatingConstructorAccessorImpl.newInstance(DelegatingConstructorAccessorImpl.java:45)
	at java.lang.reflect.Constructor.newInstance(Constructor.java:422)
	at org.codehaus.groovy.reflection.CachedConstructor.invoke(CachedConstructor.java:80)
	at org.codehaus.groovy.reflection.CachedConstructor.doConstructorInvoke(CachedConstructor.java:74)
	at org.codehaus.groovy.runtime.callsite.ConstructorSite$ConstructorSiteNoUnwrap.callConstructor(ConstructorSite.java:84)
	at org.codehaus.groovy.runtime.callsite.AbstractCallSite.callConstructor(AbstractCallSite.java:247)
	at com.jayway.restassured.internal.ResponseSpecificationImpl$HamcrestAssertionClosure.validate(ResponseSpecificationImpl.groovy:584)
	at com.jayway.restassured.internal.ResponseSpecificationImpl$HamcrestAssertionClosure$validate$1.call(Unknown Source)
	at com.jayway.restassured.internal.RequestSpecificationImpl.applyPathParamsAndSendRequest(RequestSpecificationImpl.groovy:1467)
	at sun.reflect.NativeMethodAccessorImpl.invoke0(Native Method)
	at sun.reflect.NativeMethodAccessorImpl.invoke(NativeMethodAccessorImpl.java:62)
	at sun.reflect.DelegatingMethodAccessorImpl.invoke(DelegatingMethodAccessorImpl.java:43)
	at java.lang.reflect.Method.invoke(Method.java:497)
	at org.codehaus.groovy.reflection.CachedMethod.invoke(CachedMethod.java:93)
	at groovy.lang.MetaMethod.doMethodInvoke(MetaMethod.java:325)
	at groovy.lang.MetaClassImpl.invokeMethod(MetaClassImpl.java:1210)
	at groovy.lang.MetaClassImpl.invokeMethod(MetaClassImpl.java:1019)
	at groovy.lang.MetaClassImpl.invokeMethod(MetaClassImpl.java:810)
	at com.jayway.restassured.internal.RequestSpecificationImpl.invokeMethod(RequestSpecificationImpl.groovy)
	at org.codehaus.groovy.runtime.callsite.PogoInterceptableSite.call(PogoInterceptableSite.java:48)
	at org.codehaus.groovy.runtime.callsite.PogoInterceptableSite.callCurrent(PogoInterceptableSite.java:58)
	at org.codehaus.groovy.runtime.callsite.AbstractCallSite.callCurrent(AbstractCallSite.java:182)
	at com.jayway.restassured.internal.RequestSpecificationImpl.get(RequestSpecificationImpl.groovy:151)
	at com.jayway.restassured.internal.RequestSpecificationImpl.get(RequestSpecificationImpl.groovy)
	at sun.reflect.NativeMethodAccessorImpl.invoke0(Native Method)
	at sun.reflect.NativeMethodAccessorImpl.invoke(NativeMethodAccessorImpl.java:62)
	at sun.reflect.DelegatingMethodAccessorImpl.invoke(DelegatingMethodAccessorImpl.java:43)
	at java.lang.reflect.Method.invoke(Method.java:497)
	at org.codehaus.groovy.reflection.CachedMethod.invoke(CachedMethod.java:93)
	at groovy.lang.MetaMethod.doMethodInvoke(MetaMethod.java:325)
	at groovy.lang.MetaClassImpl.invokeMethod(MetaClassImpl.java:1210)
	at groovy.lang.MetaClassImpl.invokeMethod(MetaClassImpl.java:1019)
	at groovy.lang.MetaClassImpl.invokeMethod(MetaClassImpl.java:810)
	at com.jayway.restassured.internal.RequestSpecificationImpl.invokeMethod(RequestSpecificationImpl.groovy)
	at org.codehaus.groovy.runtime.callsite.PogoInterceptableSite.call(PogoInterceptableSite.java:48)
	at org.codehaus.groovy.runtime.callsite.AbstractCallSite.call(AbstractCallSite.java:133)
	at com.jayway.restassured.internal.ResponseSpecificationImpl.get(ResponseSpecificationImpl.groovy:276)
	at com.jayway.restassured.internal.ResponseSpecificationImpl.get(ResponseSpecificationImpl.groovy)
	at sky.cucumber.stepDefinitions.HomePageStepDefinitions.i_have_arrived_on_the_website(HomePageStepDefinitions.java:37)
	at ✽.Given I have arrived on the website(SkySportNavigation.feature:8)
</failure>
  </testcase>
  <testcase classname="Scenario: User browses through available sports" name="Scenario: User browses through available sports" time="0.003">
    <failure message="1 expectation failed.
XML path title doesn&apos;t match.
Expected: Hello World
  Actual: nullnullDigital, Social, Mobile Marketing | HelloWorldnullnullnullnullnullnullnullnullnullnullnullnullnullnullWhat We DoPromotionsLoyaltyMobileSocialLive EventsTechnologyAgency ServicesMediaAnalyticsLegal + PrizeOur WorkPortfolioClientsLive CampaignsInsightsBlogNewsEventsAwardsWebinarsnullCompanyOur StoryLocationsKey PeopleCareersContact UsPlatform LoginnullContact UsPlatform Loginnullnullnulltonullnulldrive consumer demand.accelerate growth.promotionsloyaltymobile messagingnullnullCase Studies: Cross Screen, Cross ChannelnullMobile Activation at Live EventsnullMulti-channel Photo &amp; Essay ContestnullMulti-Channel Social LoyaltynullUGC Contest &amp; Gaming (and Jedi Training)nullBrand Engagement via ComedynullIn-Store Mobile Gamification &amp; OffernullMobile App Chance to Win SDK &amp; OffernullSocial &amp; Mobile Daily GiveawaynullPosted to Adweek&apos;s Social TimesnullHelloWorld&apos;s Jen Gray reports how mobile tech has surpassed Back to the Future&apos;s expectations.nullnullIs Q1 your biggest holiday opportunity?nullPost-holiday sales are not far behind the dollars spent at the end of the year. Learn how to engage come January 1.neglecting the major retailing opportunity just around the corner - See more at: http://www.helloworld.com/insights/news/articles/2015/09/09/tech-guest-viewpoint-is-q1-your-biggest-holiday-opportunity/#sthash.5I4WTpoM.dpufneglecting the major retailing opportunity just around the corner - See more at: http://www.helloworld.com/insights/news/articles/2015/09/09/tech-guest-viewpoint-is-q1-your-biggest-holiday-opportunity/#sthash.5I4WTpoM.dpufneglecting the major retailing opportunity just around the corner - See more at: http://www.helloworld.com/insights/news/articles/2015/09/09/tech-guest-viewpoint-is-q1-your-biggest-holiday-opportunity/#sthash.5I4WTpoM.dpufnullnullnullComedy leads to conversionTrulia drives social chatter with funny video challenges and a dream sized prize.nullForbes asked our opinion on REInull...and our VP Matt Kates has a response. Check out a great read on REI&apos;s decision to opt out of Black Friday.nullnullFree whitepaper: Measuring the Value of Brand EngagementnullNew study shows the impact of engagement on purchase and loyalty.nullnullnullnullnullnullnull| nullCareersPrivacy PolicyePrize SecuredMobile Terms and ConditionsSitemapHelloInsidersGoogle+nullnullnull
setTimeout(function(){var a=document.createElement(&quot;script&quot;);
var b=document.getElementsByTagName(&quot;script&quot;)[0];
a.src=document.location.protocol+&quot;//dnn506yrbagrg.cloudfront.net/pages/scripts/0022/7425.js?&quot;+Math.floor(new Date().getTime()/3600000);
a.async=true;a.type=&quot;text/javascript&quot;;b.parentNode.insertBefore(a,b)}, 1);

(function(i,s,o,g,r,a,m){i[&apos;GoogleAnalyticsObject&apos;]=r;i[r]=i[r]||function(){
(i[r].q=i[r].q||[]).push(arguments)},i[r].l=1*new Date();a=s.createElement(o),
m=s.getElementsByTagName(o)[0];a.async=1;a.src=g;m.parentNode.insertBefore(a,m)
})(window,document,&apos;script&apos;,&apos;//www.google-analytics.com/analytics.js&apos;,&apos;ga&apos;);

ga(&apos;create&apos;, &apos;UA-1297161-1&apos;, &apos;auto&apos;);
ga(&apos;send&apos;, &apos;pageview&apos;);


// AdRoll Pixel.
adroll_adv_id = &quot;OLCQINIBCFGK3OS6FDV2RV&quot;;
adroll_pix_id = &quot;QWQ63Y56WVAFFMCX6LGKMC&quot;;
(function () {
var oldonload = window.onload;
window.onload = function(){
   __adroll_loaded=true;
   var scr = document.createElement(&quot;script&quot;);
   var host = ((&quot;https:&quot; == document.location.protocol) ? &quot;https://s.adroll.com&quot; : &quot;http://a.adroll.com&quot;);
   scr.setAttribute(&apos;async&apos;, &apos;true&apos;);
   scr.type = &quot;text/javascript&quot;;
   scr.src = host + &quot;/j/roundtrip.js&quot;;
   ((document.getElementsByTagName(&apos;head&apos;) || [null])[0] ||
    document.getElementsByTagName(&apos;script&apos;)[0].parentNode).appendChild(scr);
   if(oldonload){oldonload()}};
}());

/* &lt;![CDATA[ */
var google_conversion_id = 965796435;
var google_custom_params = window.google_tag_params;
var google_remarketing_only = true;
/* ]]&gt; */
nullnull
" type="java.lang.AssertionError">java.lang.AssertionError: 1 expectation failed.
XML path title doesn&apos;t match.
Expected: Hello World
  Actual: nullnullDigital, Social, Mobile Marketing | HelloWorldnullnullnullnullnullnullnullnullnullnullnullnullnullnullWhat We DoPromotionsLoyaltyMobileSocialLive EventsTechnologyAgency ServicesMediaAnalyticsLegal + PrizeOur WorkPortfolioClientsLive CampaignsInsightsBlogNewsEventsAwardsWebinarsnullCompanyOur StoryLocationsKey PeopleCareersContact UsPlatform LoginnullContact UsPlatform Loginnullnullnulltonullnulldrive consumer demand.accelerate growth.promotionsloyaltymobile messagingnullnullCase Studies: Cross Screen, Cross ChannelnullMobile Activation at Live EventsnullMulti-channel Photo &amp; Essay ContestnullMulti-Channel Social LoyaltynullUGC Contest &amp; Gaming (and Jedi Training)nullBrand Engagement via ComedynullIn-Store Mobile Gamification &amp; OffernullMobile App Chance to Win SDK &amp; OffernullSocial &amp; Mobile Daily GiveawaynullPosted to Adweek&apos;s Social TimesnullHelloWorld&apos;s Jen Gray reports how mobile tech has surpassed Back to the Future&apos;s expectations.nullnullIs Q1 your biggest holiday opportunity?nullPost-holiday sales are not far behind the dollars spent at the end of the year. Learn how to engage come January 1.neglecting the major retailing opportunity just around the corner - See more at: http://www.helloworld.com/insights/news/articles/2015/09/09/tech-guest-viewpoint-is-q1-your-biggest-holiday-opportunity/#sthash.5I4WTpoM.dpufneglecting the major retailing opportunity just around the corner - See more at: http://www.helloworld.com/insights/news/articles/2015/09/09/tech-guest-viewpoint-is-q1-your-biggest-holiday-opportunity/#sthash.5I4WTpoM.dpufneglecting the major retailing opportunity just around the corner - See more at: http://www.helloworld.com/insights/news/articles/2015/09/09/tech-guest-viewpoint-is-q1-your-biggest-holiday-opportunity/#sthash.5I4WTpoM.dpufnullnullnullComedy leads to conversionTrulia drives social chatter with funny video challenges and a dream sized prize.nullForbes asked our opinion on REInull...and our VP Matt Kates has a response. Check out a great read on REI&apos;s decision to opt out of Black Friday.nullnullFree whitepaper: Measuring the Value of Brand EngagementnullNew study shows the impact of engagement on purchase and loyalty.nullnullnullnullnullnullnull| nullCareersPrivacy PolicyePrize SecuredMobile Terms and ConditionsSitemapHelloInsidersGoogle+nullnullnull
setTimeout(function(){var a=document.createElement(&quot;script&quot;);
var b=document.getElementsByTagName(&quot;script&quot;)[0];
a.src=document.location.protocol+&quot;//dnn506yrbagrg.cloudfront.net/pages/scripts/0022/7425.js?&quot;+Math.floor(new Date().getTime()/3600000);
a.async=true;a.type=&quot;text/javascript&quot;;b.parentNode.insertBefore(a,b)}, 1);

(function(i,s,o,g,r,a,m){i[&apos;GoogleAnalyticsObject&apos;]=r;i[r]=i[r]||function(){
(i[r].q=i[r].q||[]).push(arguments)},i[r].l=1*new Date();a=s.createElement(o),
m=s.getElementsByTagName(o)[0];a.async=1;a.src=g;m.parentNode.insertBefore(a,m)
})(window,document,&apos;script&apos;,&apos;//www.google-analytics.com/analytics.js&apos;,&apos;ga&apos;);

ga(&apos;create&apos;, &apos;UA-1297161-1&apos;, &apos;auto&apos;);
ga(&apos;send&apos;, &apos;pageview&apos;);


// AdRoll Pixel.
adroll_adv_id = &quot;OLCQINIBCFGK3OS6FDV2RV&quot;;
adroll_pix_id = &quot;QWQ63Y56WVAFFMCX6LGKMC&quot;;
(function () {
var oldonload = window.onload;
window.onload = function(){
   __adroll_loaded=true;
   var scr = document.createElement(&quot;script&quot;);
   var host = ((&quot;https:&quot; == document.location.protocol) ? &quot;https://s.adroll.com&quot; : &quot;http://a.adroll.com&quot;);
   scr.setAttribute(&apos;async&apos;, &apos;true&apos;);
   scr.type = &quot;text/javascript&quot;;
   scr.src = host + &quot;/j/roundtrip.js&quot;;
   ((document.getElementsByTagName(&apos;head&apos;) || [null])[0] ||
    document.getElementsByTagName(&apos;script&apos;)[0].parentNode).appendChild(scr);
   if(oldonload){oldonload()}};
}());

/* &lt;![CDATA[ */
var google_conversion_id = 965796435;
var google_custom_params = window.google_tag_params;
var google_remarketing_only = true;
/* ]]&gt; */
nullnull

	at sun.reflect.NativeConstructorAccessorImpl.newInstance0(Native Method)
	at sun.reflect.NativeConstructorAccessorImpl.newInstance(NativeConstructorAccessorImpl.java:62)
	at sun.reflect.DelegatingConstructorAccessorImpl.newInstance(DelegatingConstructorAccessorImpl.java:45)
	at java.lang.reflect.Constructor.newInstance(Constructor.java:422)
	at org.codehaus.groovy.reflection.CachedConstructor.invoke(CachedConstructor.java:80)
	at org.codehaus.groovy.reflection.CachedConstructor.doConstructorInvoke(CachedConstructor.java:74)
	at org.codehaus.groovy.runtime.callsite.ConstructorSite$ConstructorSiteNoUnwrap.callConstructor(ConstructorSite.java:84)
	at org.codehaus.groovy.runtime.callsite.AbstractCallSite.callConstructor(AbstractCallSite.java:247)
	at com.jayway.restassured.internal.ResponseSpecificationImpl$HamcrestAssertionClosure.validate(ResponseSpecificationImpl.groovy:584)
	at com.jayway.restassured.internal.ResponseSpecificationImpl$HamcrestAssertionClosure$validate$1.call(Unknown Source)
	at com.jayway.restassured.internal.RequestSpecificationImpl.applyPathParamsAndSendRequest(RequestSpecificationImpl.groovy:1467)
	at sun.reflect.NativeMethodAccessorImpl.invoke0(Native Method)
	at sun.reflect.NativeMethodAccessorImpl.invoke(NativeMethodAccessorImpl.java:62)
	at sun.reflect.DelegatingMethodAccessorImpl.invoke(DelegatingMethodAccessorImpl.java:43)
	at java.lang.reflect.Method.invoke(Method.java:497)
	at org.codehaus.groovy.reflection.CachedMethod.invoke(CachedMethod.java:93)
	at groovy.lang.MetaMethod.doMethodInvoke(MetaMethod.java:325)
	at groovy.lang.MetaClassImpl.invokeMethod(MetaClassImpl.java:1210)
	at groovy.lang.MetaClassImpl.invokeMethod(MetaClassImpl.java:1019)
	at groovy.lang.MetaClassImpl.invokeMethod(MetaClassImpl.java:810)
	at com.jayway.restassured.internal.RequestSpecificationImpl.invokeMethod(RequestSpecificationImpl.groovy)
	at org.codehaus.groovy.runtime.callsite.PogoInterceptableSite.call(PogoInterceptableSite.java:48)
	at org.codehaus.groovy.runtime.callsite.PogoInterceptableSite.callCurrent(PogoInterceptableSite.java:58)
	at org.codehaus.groovy.runtime.callsite.AbstractCallSite.callCurrent(AbstractCallSite.java:182)
	at com.jayway.restassured.internal.RequestSpecificationImpl.get(RequestSpecificationImpl.groovy:151)
	at com.jayway.restassured.internal.RequestSpecificationImpl.get(RequestSpecificationImpl.groovy)
	at sun.reflect.NativeMethodAccessorImpl.invoke0(Native Method)
	at sun.reflect.NativeMethodAccessorImpl.invoke(NativeMethodAccessorImpl.java:62)
	at sun.reflect.DelegatingMethodAccessorImpl.invoke(DelegatingMethodAccessorImpl.java:43)
	at java.lang.reflect.Method.invoke(Method.java:497)
	at org.codehaus.groovy.reflection.CachedMethod.invoke(CachedMethod.java:93)
	at groovy.lang.MetaMethod.doMethodInvoke(MetaMethod.java:325)
	at groovy.lang.MetaClassImpl.invokeMethod(MetaClassImpl.java:1210)
	at groovy.lang.MetaClassImpl.invokeMethod(MetaClassImpl.java:1019)
	at groovy.lang.MetaClassImpl.invokeMethod(MetaClassImpl.java:810)
	at com.jayway.restassured.internal.RequestSpecificationImpl.invokeMethod(RequestSpecificationImpl.groovy)
	at org.codehaus.groovy.runtime.callsite.PogoInterceptableSite.call(PogoInterceptableSite.java:48)
	at org.codehaus.groovy.runtime.callsite.AbstractCallSite.call(AbstractCallSite.java:133)
	at com.jayway.restassured.internal.ResponseSpecificationImpl.get(ResponseSpecificationImpl.groovy:276)
	at com.jayway.restassured.internal.ResponseSpecificationImpl.get(ResponseSpecificationImpl.groovy)
	at sky.cucumber.stepDefinitions.HomePageStepDefinitions.i_have_arrived_on_the_website(HomePageStepDefinitions.java:37)
	at ✽.Given I have arrived on the website(SkySportNavigation.feature:8)
</failure>
  </testcase>
  <testcase classname="Scenario: User browses through available sports" name="When I select a sport" time="0.011">
    <skipped/>
  </testcase>
  <testcase classname="Scenario: User browses through available sports" name="Then the sport should be displayed" time="0.012">
    <skipped/>
  </testcase>
  <testcase classname="Scenario: User browses through available sports" name="Then the sport odds should be displayed on the screen" time="0.013">
    <skipped/>
  </testcase>
  <testcase classname="Scenario: Display login options" name="Given I have arrived on the website" time="0">
    <failure message="1 expectation failed.
XML path title doesn&apos;t match.
Expected: Hello World
  Actual: nullnullDigital, Social, Mobile Marketing | HelloWorldnullnullnullnullnullnullnullnullnullnullnullnullnullnullWhat We DoPromotionsLoyaltyMobileSocialLive EventsTechnologyAgency ServicesMediaAnalyticsLegal + PrizeOur WorkPortfolioClientsLive CampaignsInsightsBlogNewsEventsAwardsWebinarsnullCompanyOur StoryLocationsKey PeopleCareersContact UsPlatform LoginnullContact UsPlatform Loginnullnullnulltonullnulldrive consumer demand.accelerate growth.promotionsloyaltymobile messagingnullnullCase Studies: Cross Screen, Cross ChannelnullMobile Activation at Live EventsnullMulti-channel Photo &amp; Essay ContestnullMulti-Channel Social LoyaltynullUGC Contest &amp; Gaming (and Jedi Training)nullBrand Engagement via ComedynullIn-Store Mobile Gamification &amp; OffernullMobile App Chance to Win SDK &amp; OffernullSocial &amp; Mobile Daily GiveawaynullPosted to Adweek&apos;s Social TimesnullHelloWorld&apos;s Jen Gray reports how mobile tech has surpassed Back to the Future&apos;s expectations.nullnullIs Q1 your biggest holiday opportunity?nullPost-holiday sales are not far behind the dollars spent at the end of the year. Learn how to engage come January 1.neglecting the major retailing opportunity just around the corner - See more at: http://www.helloworld.com/insights/news/articles/2015/09/09/tech-guest-viewpoint-is-q1-your-biggest-holiday-opportunity/#sthash.5I4WTpoM.dpufneglecting the major retailing opportunity just around the corner - See more at: http://www.helloworld.com/insights/news/articles/2015/09/09/tech-guest-viewpoint-is-q1-your-biggest-holiday-opportunity/#sthash.5I4WTpoM.dpufneglecting the major retailing opportunity just around the corner - See more at: http://www.helloworld.com/insights/news/articles/2015/09/09/tech-guest-viewpoint-is-q1-your-biggest-holiday-opportunity/#sthash.5I4WTpoM.dpufnullnullnullComedy leads to conversionTrulia drives social chatter with funny video challenges and a dream sized prize.nullForbes asked our opinion on REInull...and our VP Matt Kates has a response. Check out a great read on REI&apos;s decision to opt out of Black Friday.nullnullFree whitepaper: Measuring the Value of Brand EngagementnullNew study shows the impact of engagement on purchase and loyalty.nullnullnullnullnullnullnull| nullCareersPrivacy PolicyePrize SecuredMobile Terms and ConditionsSitemapHelloInsidersGoogle+nullnullnull
setTimeout(function(){var a=document.createElement(&quot;script&quot;);
var b=document.getElementsByTagName(&quot;script&quot;)[0];
a.src=document.location.protocol+&quot;//dnn506yrbagrg.cloudfront.net/pages/scripts/0022/7425.js?&quot;+Math.floor(new Date().getTime()/3600000);
a.async=true;a.type=&quot;text/javascript&quot;;b.parentNode.insertBefore(a,b)}, 1);

(function(i,s,o,g,r,a,m){i[&apos;GoogleAnalyticsObject&apos;]=r;i[r]=i[r]||function(){
(i[r].q=i[r].q||[]).push(arguments)},i[r].l=1*new Date();a=s.createElement(o),
m=s.getElementsByTagName(o)[0];a.async=1;a.src=g;m.parentNode.insertBefore(a,m)
})(window,document,&apos;script&apos;,&apos;//www.google-analytics.com/analytics.js&apos;,&apos;ga&apos;);

ga(&apos;create&apos;, &apos;UA-1297161-1&apos;, &apos;auto&apos;);
ga(&apos;send&apos;, &apos;pageview&apos;);


// AdRoll Pixel.
adroll_adv_id = &quot;OLCQINIBCFGK3OS6FDV2RV&quot;;
adroll_pix_id = &quot;QWQ63Y56WVAFFMCX6LGKMC&quot;;
(function () {
var oldonload = window.onload;
window.onload = function(){
   __adroll_loaded=true;
   var scr = document.createElement(&quot;script&quot;);
   var host = ((&quot;https:&quot; == document.location.protocol) ? &quot;https://s.adroll.com&quot; : &quot;http://a.adroll.com&quot;);
   scr.setAttribute(&apos;async&apos;, &apos;true&apos;);
   scr.type = &quot;text/javascript&quot;;
   scr.src = host + &quot;/j/roundtrip.js&quot;;
   ((document.getElementsByTagName(&apos;head&apos;) || [null])[0] ||
    document.getElementsByTagName(&apos;script&apos;)[0].parentNode).appendChild(scr);
   if(oldonload){oldonload()}};
}());

/* &lt;![CDATA[ */
var google_conversion_id = 965796435;
var google_custom_params = window.google_tag_params;
var google_remarketing_only = true;
/* ]]&gt; */
nullnull
" type="java.lang.AssertionError">java.lang.AssertionError: 1 expectation failed.
XML path title doesn&apos;t match.
Expected: Hello World
  Actual: nullnullDigital, Social, Mobile Marketing | HelloWorldnullnullnullnullnullnullnullnullnullnullnullnullnullnullWhat We DoPromotionsLoyaltyMobileSocialLive EventsTechnologyAgency ServicesMediaAnalyticsLegal + PrizeOur WorkPortfolioClientsLive CampaignsInsightsBlogNewsEventsAwardsWebinarsnullCompanyOur StoryLocationsKey PeopleCareersContact UsPlatform LoginnullContact UsPlatform Loginnullnullnulltonullnulldrive consumer demand.accelerate growth.promotionsloyaltymobile messagingnullnullCase Studies: Cross Screen, Cross ChannelnullMobile Activation at Live EventsnullMulti-channel Photo &amp; Essay ContestnullMulti-Channel Social LoyaltynullUGC Contest &amp; Gaming (and Jedi Training)nullBrand Engagement via ComedynullIn-Store Mobile Gamification &amp; OffernullMobile App Chance to Win SDK &amp; OffernullSocial &amp; Mobile Daily GiveawaynullPosted to Adweek&apos;s Social TimesnullHelloWorld&apos;s Jen Gray reports how mobile tech has surpassed Back to the Future&apos;s expectations.nullnullIs Q1 your biggest holiday opportunity?nullPost-holiday sales are not far behind the dollars spent at the end of the year. Learn how to engage come January 1.neglecting the major retailing opportunity just around the corner - See more at: http://www.helloworld.com/insights/news/articles/2015/09/09/tech-guest-viewpoint-is-q1-your-biggest-holiday-opportunity/#sthash.5I4WTpoM.dpufneglecting the major retailing opportunity just around the corner - See more at: http://www.helloworld.com/insights/news/articles/2015/09/09/tech-guest-viewpoint-is-q1-your-biggest-holiday-opportunity/#sthash.5I4WTpoM.dpufneglecting the major retailing opportunity just around the corner - See more at: http://www.helloworld.com/insights/news/articles/2015/09/09/tech-guest-viewpoint-is-q1-your-biggest-holiday-opportunity/#sthash.5I4WTpoM.dpufnullnullnullComedy leads to conversionTrulia drives social chatter with funny video challenges and a dream sized prize.nullForbes asked our opinion on REInull...and our VP Matt Kates has a response. Check out a great read on REI&apos;s decision to opt out of Black Friday.nullnullFree whitepaper: Measuring the Value of Brand EngagementnullNew study shows the impact of engagement on purchase and loyalty.nullnullnullnullnullnullnull| nullCareersPrivacy PolicyePrize SecuredMobile Terms and ConditionsSitemapHelloInsidersGoogle+nullnullnull
setTimeout(function(){var a=document.createElement(&quot;script&quot;);
var b=document.getElementsByTagName(&quot;script&quot;)[0];
a.src=document.location.protocol+&quot;//dnn506yrbagrg.cloudfront.net/pages/scripts/0022/7425.js?&quot;+Math.floor(new Date().getTime()/3600000);
a.async=true;a.type=&quot;text/javascript&quot;;b.parentNode.insertBefore(a,b)}, 1);

(function(i,s,o,g,r,a,m){i[&apos;GoogleAnalyticsObject&apos;]=r;i[r]=i[r]||function(){
(i[r].q=i[r].q||[]).push(arguments)},i[r].l=1*new Date();a=s.createElement(o),
m=s.getElementsByTagName(o)[0];a.async=1;a.src=g;m.parentNode.insertBefore(a,m)
})(window,document,&apos;script&apos;,&apos;//www.google-analytics.com/analytics.js&apos;,&apos;ga&apos;);

ga(&apos;create&apos;, &apos;UA-1297161-1&apos;, &apos;auto&apos;);
ga(&apos;send&apos;, &apos;pageview&apos;);


// AdRoll Pixel.
adroll_adv_id = &quot;OLCQINIBCFGK3OS6FDV2RV&quot;;
adroll_pix_id = &quot;QWQ63Y56WVAFFMCX6LGKMC&quot;;
(function () {
var oldonload = window.onload;
window.onload = function(){
   __adroll_loaded=true;
   var scr = document.createElement(&quot;script&quot;);
   var host = ((&quot;https:&quot; == document.location.protocol) ? &quot;https://s.adroll.com&quot; : &quot;http://a.adroll.com&quot;);
   scr.setAttribute(&apos;async&apos;, &apos;true&apos;);
   scr.type = &quot;text/javascript&quot;;
   scr.src = host + &quot;/j/roundtrip.js&quot;;
   ((document.getElementsByTagName(&apos;head&apos;) || [null])[0] ||
    document.getElementsByTagName(&apos;script&apos;)[0].parentNode).appendChild(scr);
   if(oldonload){oldonload()}};
}());

/* &lt;![CDATA[ */
var google_conversion_id = 965796435;
var google_custom_params = window.google_tag_params;
var google_remarketing_only = true;
/* ]]&gt; */
nullnull

	at sun.reflect.NativeConstructorAccessorImpl.newInstance0(Native Method)
	at sun.reflect.NativeConstructorAccessorImpl.newInstance(NativeConstructorAccessorImpl.java:62)
	at sun.reflect.DelegatingConstructorAccessorImpl.newInstance(DelegatingConstructorAccessorImpl.java:45)
	at java.lang.reflect.Constructor.newInstance(Constructor.java:422)
	at org.codehaus.groovy.reflection.CachedConstructor.invoke(CachedConstructor.java:80)
	at org.codehaus.groovy.reflection.CachedConstructor.doConstructorInvoke(CachedConstructor.java:74)
	at org.codehaus.groovy.runtime.callsite.ConstructorSite$ConstructorSiteNoUnwrap.callConstructor(ConstructorSite.java:84)
	at org.codehaus.groovy.runtime.callsite.AbstractCallSite.callConstructor(AbstractCallSite.java:247)
	at com.jayway.restassured.internal.ResponseSpecificationImpl$HamcrestAssertionClosure.validate(ResponseSpecificationImpl.groovy:584)
	at com.jayway.restassured.internal.ResponseSpecificationImpl$HamcrestAssertionClosure$validate$1.call(Unknown Source)
	at com.jayway.restassured.internal.RequestSpecificationImpl.applyPathParamsAndSendRequest(RequestSpecificationImpl.groovy:1467)
	at sun.reflect.NativeMethodAccessorImpl.invoke0(Native Method)
	at sun.reflect.NativeMethodAccessorImpl.invoke(NativeMethodAccessorImpl.java:62)
	at sun.reflect.DelegatingMethodAccessorImpl.invoke(DelegatingMethodAccessorImpl.java:43)
	at java.lang.reflect.Method.invoke(Method.java:497)
	at org.codehaus.groovy.reflection.CachedMethod.invoke(CachedMethod.java:93)
	at groovy.lang.MetaMethod.doMethodInvoke(MetaMethod.java:325)
	at groovy.lang.MetaClassImpl.invokeMethod(MetaClassImpl.java:1210)
	at groovy.lang.MetaClassImpl.invokeMethod(MetaClassImpl.java:1019)
	at groovy.lang.MetaClassImpl.invokeMethod(MetaClassImpl.java:810)
	at com.jayway.restassured.internal.RequestSpecificationImpl.invokeMethod(RequestSpecificationImpl.groovy)
	at org.codehaus.groovy.runtime.callsite.PogoInterceptableSite.call(PogoInterceptableSite.java:48)
	at org.codehaus.groovy.runtime.callsite.PogoInterceptableSite.callCurrent(PogoInterceptableSite.java:58)
	at org.codehaus.groovy.runtime.callsite.AbstractCallSite.callCurrent(AbstractCallSite.java:182)
	at com.jayway.restassured.internal.RequestSpecificationImpl.get(RequestSpecificationImpl.groovy:151)
	at com.jayway.restassured.internal.RequestSpecificationImpl.get(RequestSpecificationImpl.groovy)
	at sun.reflect.NativeMethodAccessorImpl.invoke0(Native Method)
	at sun.reflect.NativeMethodAccessorImpl.invoke(NativeMethodAccessorImpl.java:62)
	at sun.reflect.DelegatingMethodAccessorImpl.invoke(DelegatingMethodAccessorImpl.java:43)
	at java.lang.reflect.Method.invoke(Method.java:497)
	at org.codehaus.groovy.reflection.CachedMethod.invoke(CachedMethod.java:93)
	at groovy.lang.MetaMethod.doMethodInvoke(MetaMethod.java:325)
	at groovy.lang.MetaClassImpl.invokeMethod(MetaClassImpl.java:1210)
	at groovy.lang.MetaClassImpl.invokeMethod(MetaClassImpl.java:1019)
	at groovy.lang.MetaClassImpl.invokeMethod(MetaClassImpl.java:810)
	at com.jayway.restassured.internal.RequestSpecificationImpl.invokeMethod(RequestSpecificationImpl.groovy)
	at org.codehaus.groovy.runtime.callsite.PogoInterceptableSite.call(PogoInterceptableSite.java:48)
	at org.codehaus.groovy.runtime.callsite.AbstractCallSite.call(AbstractCallSite.java:133)
	at com.jayway.restassured.internal.ResponseSpecificationImpl.get(ResponseSpecificationImpl.groovy:276)
	at com.jayway.restassured.internal.ResponseSpecificationImpl.get(ResponseSpecificationImpl.groovy)
	at sky.cucumber.stepDefinitions.HomePageStepDefinitions.i_have_arrived_on_the_website(HomePageStepDefinitions.java:37)
	at ✽.Given I have arrived on the website(skyLogin.feature:9)
</failure>
  </testcase>
  <testcase classname="Scenario: Display login options" name="Scenario: Display login options" time="0.001">
    <failure message="1 expectation failed.
XML path title doesn&apos;t match.
Expected: Hello World
  Actual: nullnullDigital, Social, Mobile Marketing | HelloWorldnullnullnullnullnullnullnullnullnullnullnullnullnullnullWhat We DoPromotionsLoyaltyMobileSocialLive EventsTechnologyAgency ServicesMediaAnalyticsLegal + PrizeOur WorkPortfolioClientsLive CampaignsInsightsBlogNewsEventsAwardsWebinarsnullCompanyOur StoryLocationsKey PeopleCareersContact UsPlatform LoginnullContact UsPlatform Loginnullnullnulltonullnulldrive consumer demand.accelerate growth.promotionsloyaltymobile messagingnullnullCase Studies: Cross Screen, Cross ChannelnullMobile Activation at Live EventsnullMulti-channel Photo &amp; Essay ContestnullMulti-Channel Social LoyaltynullUGC Contest &amp; Gaming (and Jedi Training)nullBrand Engagement via ComedynullIn-Store Mobile Gamification &amp; OffernullMobile App Chance to Win SDK &amp; OffernullSocial &amp; Mobile Daily GiveawaynullPosted to Adweek&apos;s Social TimesnullHelloWorld&apos;s Jen Gray reports how mobile tech has surpassed Back to the Future&apos;s expectations.nullnullIs Q1 your biggest holiday opportunity?nullPost-holiday sales are not far behind the dollars spent at the end of the year. Learn how to engage come January 1.neglecting the major retailing opportunity just around the corner - See more at: http://www.helloworld.com/insights/news/articles/2015/09/09/tech-guest-viewpoint-is-q1-your-biggest-holiday-opportunity/#sthash.5I4WTpoM.dpufneglecting the major retailing opportunity just around the corner - See more at: http://www.helloworld.com/insights/news/articles/2015/09/09/tech-guest-viewpoint-is-q1-your-biggest-holiday-opportunity/#sthash.5I4WTpoM.dpufneglecting the major retailing opportunity just around the corner - See more at: http://www.helloworld.com/insights/news/articles/2015/09/09/tech-guest-viewpoint-is-q1-your-biggest-holiday-opportunity/#sthash.5I4WTpoM.dpufnullnullnullComedy leads to conversionTrulia drives social chatter with funny video challenges and a dream sized prize.nullForbes asked our opinion on REInull...and our VP Matt Kates has a response. Check out a great read on REI&apos;s decision to opt out of Black Friday.nullnullFree whitepaper: Measuring the Value of Brand EngagementnullNew study shows the impact of engagement on purchase and loyalty.nullnullnullnullnullnullnull| nullCareersPrivacy PolicyePrize SecuredMobile Terms and ConditionsSitemapHelloInsidersGoogle+nullnullnull
setTimeout(function(){var a=document.createElement(&quot;script&quot;);
var b=document.getElementsByTagName(&quot;script&quot;)[0];
a.src=document.location.protocol+&quot;//dnn506yrbagrg.cloudfront.net/pages/scripts/0022/7425.js?&quot;+Math.floor(new Date().getTime()/3600000);
a.async=true;a.type=&quot;text/javascript&quot;;b.parentNode.insertBefore(a,b)}, 1);

(function(i,s,o,g,r,a,m){i[&apos;GoogleAnalyticsObject&apos;]=r;i[r]=i[r]||function(){
(i[r].q=i[r].q||[]).push(arguments)},i[r].l=1*new Date();a=s.createElement(o),
m=s.getElementsByTagName(o)[0];a.async=1;a.src=g;m.parentNode.insertBefore(a,m)
})(window,document,&apos;script&apos;,&apos;//www.google-analytics.com/analytics.js&apos;,&apos;ga&apos;);

ga(&apos;create&apos;, &apos;UA-1297161-1&apos;, &apos;auto&apos;);
ga(&apos;send&apos;, &apos;pageview&apos;);


// AdRoll Pixel.
adroll_adv_id = &quot;OLCQINIBCFGK3OS6FDV2RV&quot;;
adroll_pix_id = &quot;QWQ63Y56WVAFFMCX6LGKMC&quot;;
(function () {
var oldonload = window.onload;
window.onload = function(){
   __adroll_loaded=true;
   var scr = document.createElement(&quot;script&quot;);
   var host = ((&quot;https:&quot; == document.location.protocol) ? &quot;https://s.adroll.com&quot; : &quot;http://a.adroll.com&quot;);
   scr.setAttribute(&apos;async&apos;, &apos;true&apos;);
   scr.type = &quot;text/javascript&quot;;
   scr.src = host + &quot;/j/roundtrip.js&quot;;
   ((document.getElementsByTagName(&apos;head&apos;) || [null])[0] ||
    document.getElementsByTagName(&apos;script&apos;)[0].parentNode).appendChild(scr);
   if(oldonload){oldonload()}};
}());

/* &lt;![CDATA[ */
var google_conversion_id = 965796435;
var google_custom_params = window.google_tag_params;
var google_remarketing_only = true;
/* ]]&gt; */
nullnull
" type="java.lang.AssertionError">java.lang.AssertionError: 1 expectation failed.
XML path title doesn&apos;t match.
Expected: Hello World
  Actual: nullnullDigital, Social, Mobile Marketing | HelloWorldnullnullnullnullnullnullnullnullnullnullnullnullnullnullWhat We DoPromotionsLoyaltyMobileSocialLive EventsTechnologyAgency ServicesMediaAnalyticsLegal + PrizeOur WorkPortfolioClientsLive CampaignsInsightsBlogNewsEventsAwardsWebinarsnullCompanyOur StoryLocationsKey PeopleCareersContact UsPlatform LoginnullContact UsPlatform Loginnullnullnulltonullnulldrive consumer demand.accelerate growth.promotionsloyaltymobile messagingnullnullCase Studies: Cross Screen, Cross ChannelnullMobile Activation at Live EventsnullMulti-channel Photo &amp; Essay ContestnullMulti-Channel Social LoyaltynullUGC Contest &amp; Gaming (and Jedi Training)nullBrand Engagement via ComedynullIn-Store Mobile Gamification &amp; OffernullMobile App Chance to Win SDK &amp; OffernullSocial &amp; Mobile Daily GiveawaynullPosted to Adweek&apos;s Social TimesnullHelloWorld&apos;s Jen Gray reports how mobile tech has surpassed Back to the Future&apos;s expectations.nullnullIs Q1 your biggest holiday opportunity?nullPost-holiday sales are not far behind the dollars spent at the end of the year. Learn how to engage come January 1.neglecting the major retailing opportunity just around the corner - See more at: http://www.helloworld.com/insights/news/articles/2015/09/09/tech-guest-viewpoint-is-q1-your-biggest-holiday-opportunity/#sthash.5I4WTpoM.dpufneglecting the major retailing opportunity just around the corner - See more at: http://www.helloworld.com/insights/news/articles/2015/09/09/tech-guest-viewpoint-is-q1-your-biggest-holiday-opportunity/#sthash.5I4WTpoM.dpufneglecting the major retailing opportunity just around the corner - See more at: http://www.helloworld.com/insights/news/articles/2015/09/09/tech-guest-viewpoint-is-q1-your-biggest-holiday-opportunity/#sthash.5I4WTpoM.dpufnullnullnullComedy leads to conversionTrulia drives social chatter with funny video challenges and a dream sized prize.nullForbes asked our opinion on REInull...and our VP Matt Kates has a response. Check out a great read on REI&apos;s decision to opt out of Black Friday.nullnullFree whitepaper: Measuring the Value of Brand EngagementnullNew study shows the impact of engagement on purchase and loyalty.nullnullnullnullnullnullnull| nullCareersPrivacy PolicyePrize SecuredMobile Terms and ConditionsSitemapHelloInsidersGoogle+nullnullnull
setTimeout(function(){var a=document.createElement(&quot;script&quot;);
var b=document.getElementsByTagName(&quot;script&quot;)[0];
a.src=document.location.protocol+&quot;//dnn506yrbagrg.cloudfront.net/pages/scripts/0022/7425.js?&quot;+Math.floor(new Date().getTime()/3600000);
a.async=true;a.type=&quot;text/javascript&quot;;b.parentNode.insertBefore(a,b)}, 1);

(function(i,s,o,g,r,a,m){i[&apos;GoogleAnalyticsObject&apos;]=r;i[r]=i[r]||function(){
(i[r].q=i[r].q||[]).push(arguments)},i[r].l=1*new Date();a=s.createElement(o),
m=s.getElementsByTagName(o)[0];a.async=1;a.src=g;m.parentNode.insertBefore(a,m)
})(window,document,&apos;script&apos;,&apos;//www.google-analytics.com/analytics.js&apos;,&apos;ga&apos;);

ga(&apos;create&apos;, &apos;UA-1297161-1&apos;, &apos;auto&apos;);
ga(&apos;send&apos;, &apos;pageview&apos;);


// AdRoll Pixel.
adroll_adv_id = &quot;OLCQINIBCFGK3OS6FDV2RV&quot;;
adroll_pix_id = &quot;QWQ63Y56WVAFFMCX6LGKMC&quot;;
(function () {
var oldonload = window.onload;
window.onload = function(){
   __adroll_loaded=true;
   var scr = document.createElement(&quot;script&quot;);
   var host = ((&quot;https:&quot; == document.location.protocol) ? &quot;https://s.adroll.com&quot; : &quot;http://a.adroll.com&quot;);
   scr.setAttribute(&apos;async&apos;, &apos;true&apos;);
   scr.type = &quot;text/javascript&quot;;
   scr.src = host + &quot;/j/roundtrip.js&quot;;
   ((document.getElementsByTagName(&apos;head&apos;) || [null])[0] ||
    document.getElementsByTagName(&apos;script&apos;)[0].parentNode).appendChild(scr);
   if(oldonload){oldonload()}};
}());

/* &lt;![CDATA[ */
var google_conversion_id = 965796435;
var google_custom_params = window.google_tag_params;
var google_remarketing_only = true;
/* ]]&gt; */
nullnull

	at sun.reflect.NativeConstructorAccessorImpl.newInstance0(Native Method)
	at sun.reflect.NativeConstructorAccessorImpl.newInstance(NativeConstructorAccessorImpl.java:62)
	at sun.reflect.DelegatingConstructorAccessorImpl.newInstance(DelegatingConstructorAccessorImpl.java:45)
	at java.lang.reflect.Constructor.newInstance(Constructor.java:422)
	at org.codehaus.groovy.reflection.CachedConstructor.invoke(CachedConstructor.java:80)
	at org.codehaus.groovy.reflection.CachedConstructor.doConstructorInvoke(CachedConstructor.java:74)
	at org.codehaus.groovy.runtime.callsite.ConstructorSite$ConstructorSiteNoUnwrap.callConstructor(ConstructorSite.java:84)
	at org.codehaus.groovy.runtime.callsite.AbstractCallSite.callConstructor(AbstractCallSite.java:247)
	at com.jayway.restassured.internal.ResponseSpecificationImpl$HamcrestAssertionClosure.validate(ResponseSpecificationImpl.groovy:584)
	at com.jayway.restassured.internal.ResponseSpecificationImpl$HamcrestAssertionClosure$validate$1.call(Unknown Source)
	at com.jayway.restassured.internal.RequestSpecificationImpl.applyPathParamsAndSendRequest(RequestSpecificationImpl.groovy:1467)
	at sun.reflect.NativeMethodAccessorImpl.invoke0(Native Method)
	at sun.reflect.NativeMethodAccessorImpl.invoke(NativeMethodAccessorImpl.java:62)
	at sun.reflect.DelegatingMethodAccessorImpl.invoke(DelegatingMethodAccessorImpl.java:43)
	at java.lang.reflect.Method.invoke(Method.java:497)
	at org.codehaus.groovy.reflection.CachedMethod.invoke(CachedMethod.java:93)
	at groovy.lang.MetaMethod.doMethodInvoke(MetaMethod.java:325)
	at groovy.lang.MetaClassImpl.invokeMethod(MetaClassImpl.java:1210)
	at groovy.lang.MetaClassImpl.invokeMethod(MetaClassImpl.java:1019)
	at groovy.lang.MetaClassImpl.invokeMethod(MetaClassImpl.java:810)
	at com.jayway.restassured.internal.RequestSpecificationImpl.invokeMethod(RequestSpecificationImpl.groovy)
	at org.codehaus.groovy.runtime.callsite.PogoInterceptableSite.call(PogoInterceptableSite.java:48)
	at org.codehaus.groovy.runtime.callsite.PogoInterceptableSite.callCurrent(PogoInterceptableSite.java:58)
	at org.codehaus.groovy.runtime.callsite.AbstractCallSite.callCurrent(AbstractCallSite.java:182)
	at com.jayway.restassured.internal.RequestSpecificationImpl.get(RequestSpecificationImpl.groovy:151)
	at com.jayway.restassured.internal.RequestSpecificationImpl.get(RequestSpecificationImpl.groovy)
	at sun.reflect.NativeMethodAccessorImpl.invoke0(Native Method)
	at sun.reflect.NativeMethodAccessorImpl.invoke(NativeMethodAccessorImpl.java:62)
	at sun.reflect.DelegatingMethodAccessorImpl.invoke(DelegatingMethodAccessorImpl.java:43)
	at java.lang.reflect.Method.invoke(Method.java:497)
	at org.codehaus.groovy.reflection.CachedMethod.invoke(CachedMethod.java:93)
	at groovy.lang.MetaMethod.doMethodInvoke(MetaMethod.java:325)
	at groovy.lang.MetaClassImpl.invokeMethod(MetaClassImpl.java:1210)
	at groovy.lang.MetaClassImpl.invokeMethod(MetaClassImpl.java:1019)
	at groovy.lang.MetaClassImpl.invokeMethod(MetaClassImpl.java:810)
	at com.jayway.restassured.internal.RequestSpecificationImpl.invokeMethod(RequestSpecificationImpl.groovy)
	at org.codehaus.groovy.runtime.callsite.PogoInterceptableSite.call(PogoInterceptableSite.java:48)
	at org.codehaus.groovy.runtime.callsite.AbstractCallSite.call(AbstractCallSite.java:133)
	at com.jayway.restassured.internal.ResponseSpecificationImpl.get(ResponseSpecificationImpl.groovy:276)
	at com.jayway.restassured.internal.ResponseSpecificationImpl.get(ResponseSpecificationImpl.groovy)
	at sky.cucumber.stepDefinitions.HomePageStepDefinitions.i_have_arrived_on_the_website(HomePageStepDefinitions.java:37)
	at ✽.Given I have arrived on the website(skyLogin.feature:9)
</failure>
  </testcase>
  <testcase classname="Scenario: Display login options" name="When I select login" time="0.003">
    <skipped/>
  </testcase>
  <testcase classname="Scenario: Display login options" name="Then I should see the login options" time="0.003">
    <skipped/>
  </testcase>
>>>>>>> 934e37fff86a0d8bb3f1070955bd950f50a4fbb7
</testsuite>